Dataset: 46159 | Batch: 64 | Steps/epoch: 721
Params: 79.7M
Starting training...
step    100 | loss 0.8974 | lr 9.90e-06 | 2.56 steps/s
step    200 | loss 0.3087 | lr 1.99e-05 | 2.80 steps/s
step    300 | loss 0.1676 | lr 2.99e-05 | 2.80 steps/s
step    400 | loss 0.1371 | lr 3.99e-05 | 2.80 steps/s
step    500 | loss 0.1232 | lr 4.99e-05 | 2.80 steps/s
step    600 | loss 0.1155 | lr 5.99e-05 | 2.80 steps/s
step    700 | loss 0.1035 | lr 6.99e-05 | 2.80 steps/s
step    800 | loss 0.1018 | lr 7.99e-05 | 2.80 steps/s
step    900 | loss 0.0928 | lr 8.99e-05 | 2.80 steps/s
step   1000 | loss 0.0898 | lr 9.99e-05 | 2.80 steps/s
step   1100 | loss 0.0850 | lr 1.10e-04 | 2.80 steps/s
step   1200 | loss 0.0789 | lr 1.20e-04 | 2.80 steps/s
step   1300 | loss 0.0745 | lr 1.30e-04 | 2.80 steps/s
step   1400 | loss 0.0689 | lr 1.40e-04 | 2.80 steps/s
step   1500 | loss 0.0670 | lr 1.50e-04 | 2.80 steps/s
step   1600 | loss 0.0654 | lr 1.60e-04 | 2.80 steps/s
step   1700 | loss 0.0651 | lr 1.70e-04 | 2.80 steps/s
step   1800 | loss 0.0613 | lr 1.80e-04 | 2.80 steps/s
step   1900 | loss 0.0608 | lr 1.90e-04 | 2.80 steps/s
step   2000 | loss 0.0588 | lr 2.00e-04 | 2.80 steps/s
step   2100 | loss 0.0570 | lr 2.00e-04 | 2.79 steps/s
step   2200 | loss 0.0564 | lr 2.00e-04 | 2.79 steps/s
step   2300 | loss 0.0530 | lr 2.00e-04 | 2.80 steps/s
step   2400 | loss 0.0528 | lr 2.00e-04 | 2.80 steps/s
step   2500 | loss 0.0558 | lr 2.00e-04 | 2.80 steps/s
step   2600 | loss 0.0517 | lr 2.00e-04 | 2.80 steps/s
step   2700 | loss 0.0496 | lr 2.00e-04 | 2.80 steps/s
step   2800 | loss 0.0533 | lr 2.00e-04 | 2.80 steps/s
step   2900 | loss 0.0526 | lr 2.00e-04 | 2.80 steps/s
step   3000 | loss 0.0502 | lr 2.00e-04 | 2.80 steps/s
step   3100 | loss 0.0505 | lr 2.00e-04 | 2.80 steps/s
step   3200 | loss 0.0496 | lr 2.00e-04 | 2.80 steps/s
step   3300 | loss 0.0509 | lr 2.00e-04 | 2.80 steps/s
step   3400 | loss 0.0495 | lr 2.00e-04 | 2.80 steps/s
step   3500 | loss 0.0519 | lr 2.00e-04 | 2.80 steps/s
step   3600 | loss 0.0500 | lr 2.00e-04 | 2.80 steps/s
step   3700 | loss 0.0482 | lr 2.00e-04 | 2.80 steps/s
step   3800 | loss 0.0484 | lr 2.00e-04 | 2.80 steps/s
step   3900 | loss 0.0473 | lr 2.00e-04 | 2.80 steps/s
step   4000 | loss 0.0497 | lr 2.00e-04 | 2.80 steps/s
step   4100 | loss 0.0474 | lr 2.00e-04 | 2.80 steps/s
step   4200 | loss 0.0489 | lr 2.00e-04 | 2.80 steps/s
step   4300 | loss 0.0490 | lr 2.00e-04 | 2.80 steps/s
step   4400 | loss 0.0487 | lr 2.00e-04 | 2.80 steps/s
step   4500 | loss 0.0475 | lr 2.00e-04 | 2.80 steps/s
step   4600 | loss 0.0473 | lr 2.00e-04 | 2.80 steps/s
step   4700 | loss 0.0476 | lr 2.00e-04 | 2.80 steps/s
step   4800 | loss 0.0480 | lr 2.00e-04 | 2.80 steps/s
step   4900 | loss 0.0489 | lr 2.00e-04 | 2.80 steps/s
step   5000 | loss 0.0467 | lr 2.00e-04 | 2.80 steps/s
  -> wrote samples step_005000.png
step   5100 | loss 0.0473 | lr 2.00e-04 | 1.35 steps/s
step   5200 | loss 0.0468 | lr 2.00e-04 | 2.80 steps/s
step   5300 | loss 0.0467 | lr 2.00e-04 | 2.80 steps/s
step   5400 | loss 0.0461 | lr 2.00e-04 | 2.80 steps/s
step   5500 | loss 0.0472 | lr 2.00e-04 | 2.80 steps/s
step   5600 | loss 0.0460 | lr 2.00e-04 | 2.80 steps/s
step   5700 | loss 0.0460 | lr 2.00e-04 | 2.80 steps/s
step   5800 | loss 0.0486 | lr 2.00e-04 | 2.80 steps/s
step   5900 | loss 0.0451 | lr 2.00e-04 | 2.80 steps/s
step   6000 | loss 0.0456 | lr 2.00e-04 | 2.80 steps/s
step   6100 | loss 0.0463 | lr 2.00e-04 | 2.80 steps/s
step   6200 | loss 0.0466 | lr 2.00e-04 | 2.80 steps/s
step   6300 | loss 0.0452 | lr 2.00e-04 | 2.80 steps/s
step   6400 | loss 0.0456 | lr 2.00e-04 | 2.80 steps/s
step   6500 | loss 0.0458 | lr 2.00e-04 | 2.80 steps/s
step   6600 | loss 0.0460 | lr 2.00e-04 | 2.80 steps/s
step   6700 | loss 0.0452 | lr 2.00e-04 | 2.80 steps/s
step   6800 | loss 0.0451 | lr 1.99e-04 | 2.80 steps/s
step   6900 | loss 0.0445 | lr 1.99e-04 | 2.80 steps/s
step   7000 | loss 0.0461 | lr 1.99e-04 | 2.80 steps/s
step   7100 | loss 0.0448 | lr 1.99e-04 | 2.80 steps/s
step   7200 | loss 0.0453 | lr 1.99e-04 | 2.80 steps/s
step   7300 | loss 0.0455 | lr 1.99e-04 | 2.80 steps/s
step   7400 | loss 0.0459 | lr 1.99e-04 | 2.80 steps/s
step   7500 | loss 0.0449 | lr 1.99e-04 | 2.80 steps/s
step   7600 | loss 0.0445 | lr 1.99e-04 | 2.80 steps/s
step   7700 | loss 0.0442 | lr 1.99e-04 | 2.80 steps/s
step   7800 | loss 0.0449 | lr 1.99e-04 | 2.80 steps/s
step   7900 | loss 0.0442 | lr 1.99e-04 | 2.80 steps/s
step   8000 | loss 0.0434 | lr 1.99e-04 | 2.80 steps/s
step   8100 | loss 0.0436 | lr 1.99e-04 | 2.80 steps/s
step   8200 | loss 0.0446 | lr 1.99e-04 | 2.80 steps/s
step   8300 | loss 0.0445 | lr 1.99e-04 | 2.80 steps/s
step   8400 | loss 0.0444 | lr 1.99e-04 | 2.80 steps/s
step   8500 | loss 0.0456 | lr 1.99e-04 | 2.80 steps/s
step   8600 | loss 0.0436 | lr 1.99e-04 | 2.80 steps/s
step   8700 | loss 0.0446 | lr 1.99e-04 | 2.80 steps/s
step   8800 | loss 0.0441 | lr 1.99e-04 | 2.80 steps/s
step   8900 | loss 0.0441 | lr 1.99e-04 | 2.80 steps/s
step   9000 | loss 0.0436 | lr 1.99e-04 | 2.80 steps/s
step   9100 | loss 0.0435 | lr 1.99e-04 | 2.80 steps/s
step   9200 | loss 0.0449 | lr 1.99e-04 | 2.80 steps/s
step   9300 | loss 0.0439 | lr 1.99e-04 | 2.80 steps/s
step   9400 | loss 0.0439 | lr 1.99e-04 | 2.79 steps/s
step   9500 | loss 0.0429 | lr 1.99e-04 | 2.80 steps/s
step   9600 | loss 0.0446 | lr 1.99e-04 | 2.80 steps/s
step   9700 | loss 0.0443 | lr 1.99e-04 | 2.80 steps/s
step   9800 | loss 0.0433 | lr 1.99e-04 | 2.80 steps/s
step   9900 | loss 0.0428 | lr 1.99e-04 | 2.80 steps/s
step  10000 | loss 0.0428 | lr 1.99e-04 | 2.80 steps/s
  -> wrote samples step_010000.png
  -> wrote checkpoint step_010000.pt
step  10100 | loss 0.0438 | lr 1.99e-04 | 1.35 steps/s
step  10200 | loss 0.0423 | lr 1.98e-04 | 2.80 steps/s
step  10300 | loss 0.0441 | lr 1.98e-04 | 2.80 steps/s
step  10400 | loss 0.0444 | lr 1.98e-04 | 2.80 steps/s
step  10500 | loss 0.0425 | lr 1.98e-04 | 2.80 steps/s
step  10600 | loss 0.0429 | lr 1.98e-04 | 2.80 steps/s
step  10700 | loss 0.0432 | lr 1.98e-04 | 2.80 steps/s
step  10800 | loss 0.0419 | lr 1.98e-04 | 2.80 steps/s
step  10900 | loss 0.0435 | lr 1.98e-04 | 2.79 steps/s
step  11000 | loss 0.0449 | lr 1.98e-04 | 2.80 steps/s
step  11100 | loss 0.0427 | lr 1.98e-04 | 2.80 steps/s
step  11200 | loss 0.0427 | lr 1.98e-04 | 2.80 steps/s
step  11300 | loss 0.0427 | lr 1.98e-04 | 2.80 steps/s
step  11400 | loss 0.0446 | lr 1.98e-04 | 2.80 steps/s
step  11500 | loss 0.0440 | lr 1.98e-04 | 2.80 steps/s
step  11600 | loss 0.0431 | lr 1.98e-04 | 2.80 steps/s
step  11700 | loss 0.0434 | lr 1.98e-04 | 2.80 steps/s
step  11800 | loss 0.0419 | lr 1.98e-04 | 2.80 steps/s
step  11900 | loss 0.0422 | lr 1.98e-04 | 2.80 steps/s
step  12000 | loss 0.0412 | lr 1.98e-04 | 2.80 steps/s
step  12100 | loss 0.0426 | lr 1.98e-04 | 2.80 steps/s
step  12200 | loss 0.0424 | lr 1.98e-04 | 2.80 steps/s
step  12300 | loss 0.0412 | lr 1.98e-04 | 2.80 steps/s
step  12400 | loss 0.0428 | lr 1.98e-04 | 2.80 steps/s
step  12500 | loss 0.0424 | lr 1.98e-04 | 2.80 steps/s
step  12600 | loss 0.0421 | lr 1.97e-04 | 2.80 steps/s
step  12700 | loss 0.0423 | lr 1.97e-04 | 2.80 steps/s
step  12800 | loss 0.0420 | lr 1.97e-04 | 2.80 steps/s
step  12900 | loss 0.0434 | lr 1.97e-04 | 2.80 steps/s
step  13000 | loss 0.0431 | lr 1.97e-04 | 2.80 steps/s
step  13100 | loss 0.0428 | lr 1.97e-04 | 2.80 steps/s
step  13200 | loss 0.0428 | lr 1.97e-04 | 2.80 steps/s
step  13300 | loss 0.0429 | lr 1.97e-04 | 2.80 steps/s
step  13400 | loss 0.0420 | lr 1.97e-04 | 2.80 steps/s
step  13500 | loss 0.0432 | lr 1.97e-04 | 2.80 steps/s
step  13600 | loss 0.0422 | lr 1.97e-04 | 2.80 steps/s
step  13700 | loss 0.0430 | lr 1.97e-04 | 2.80 steps/s
step  13800 | loss 0.0427 | lr 1.97e-04 | 2.80 steps/s
step  13900 | loss 0.0420 | lr 1.97e-04 | 2.80 steps/s
step  14000 | loss 0.0424 | lr 1.97e-04 | 2.80 steps/s
step  14100 | loss 0.0412 | lr 1.97e-04 | 2.80 steps/s
step  14200 | loss 0.0418 | lr 1.97e-04 | 2.80 steps/s
step  14300 | loss 0.0425 | lr 1.97e-04 | 2.80 steps/s
step  14400 | loss 0.0419 | lr 1.97e-04 | 2.80 steps/s
step  14500 | loss 0.0428 | lr 1.97e-04 | 2.80 steps/s
step  14600 | loss 0.0424 | lr 1.96e-04 | 2.80 steps/s
step  14700 | loss 0.0418 | lr 1.96e-04 | 2.80 steps/s
step  14800 | loss 0.0423 | lr 1.96e-04 | 2.80 steps/s
step  14900 | loss 0.0415 | lr 1.96e-04 | 2.80 steps/s
step  15000 | loss 0.0428 | lr 1.96e-04 | 2.80 steps/s
  -> wrote samples step_015000.png
step  15100 | loss 0.0406 | lr 1.96e-04 | 1.38 steps/s
step  15200 | loss 0.0420 | lr 1.96e-04 | 2.79 steps/s
step  15300 | loss 0.0425 | lr 1.96e-04 | 2.80 steps/s
step  15400 | loss 0.0424 | lr 1.96e-04 | 2.80 steps/s
step  15500 | loss 0.0411 | lr 1.96e-04 | 2.80 steps/s
step  15600 | loss 0.0429 | lr 1.96e-04 | 2.80 steps/s
step  15700 | loss 0.0425 | lr 1.96e-04 | 2.80 steps/s
step  15800 | loss 0.0440 | lr 1.96e-04 | 2.80 steps/s
step  15900 | loss 0.0409 | lr 1.96e-04 | 2.80 steps/s
step  16000 | loss 0.0426 | lr 1.96e-04 | 2.80 steps/s
step  16100 | loss 0.0400 | lr 1.96e-04 | 2.80 steps/s
step  16200 | loss 0.0411 | lr 1.95e-04 | 2.80 steps/s
step  16300 | loss 0.0405 | lr 1.95e-04 | 2.80 steps/s
step  16400 | loss 0.0421 | lr 1.95e-04 | 2.80 steps/s
step  16500 | loss 0.0419 | lr 1.95e-04 | 2.80 steps/s
step  16600 | loss 0.0416 | lr 1.95e-04 | 2.80 steps/s
step  16700 | loss 0.0397 | lr 1.95e-04 | 2.80 steps/s
step  16800 | loss 0.0410 | lr 1.95e-04 | 2.80 steps/s
step  16900 | loss 0.0417 | lr 1.95e-04 | 2.80 steps/s
step  17000 | loss 0.0414 | lr 1.95e-04 | 2.80 steps/s
step  17100 | loss 0.0410 | lr 1.95e-04 | 2.80 steps/s
step  17200 | loss 0.0417 | lr 1.95e-04 | 2.80 steps/s
step  17300 | loss 0.0409 | lr 1.95e-04 | 2.80 steps/s
step  17400 | loss 0.0409 | lr 1.95e-04 | 2.80 steps/s
step  17500 | loss 0.0397 | lr 1.95e-04 | 2.80 steps/s
step  17600 | loss 0.0407 | lr 1.95e-04 | 2.80 steps/s
step  17700 | loss 0.0405 | lr 1.94e-04 | 2.80 steps/s
step  17800 | loss 0.0406 | lr 1.94e-04 | 2.80 steps/s
step  17900 | loss 0.0420 | lr 1.94e-04 | 2.80 steps/s
step  18000 | loss 0.0424 | lr 1.94e-04 | 2.80 steps/s
step  18100 | loss 0.0416 | lr 1.94e-04 | 2.80 steps/s
step  18200 | loss 0.0406 | lr 1.94e-04 | 2.80 steps/s
step  18300 | loss 0.0416 | lr 1.94e-04 | 2.80 steps/s
step  18400 | loss 0.0413 | lr 1.94e-04 | 2.80 steps/s
step  18500 | loss 0.0418 | lr 1.94e-04 | 2.80 steps/s
step  18600 | loss 0.0413 | lr 1.94e-04 | 2.80 steps/s
step  18700 | loss 0.0413 | lr 1.94e-04 | 2.80 steps/s
step  18800 | loss 0.0421 | lr 1.94e-04 | 2.80 steps/s
step  18900 | loss 0.0410 | lr 1.94e-04 | 2.80 steps/s
step  19000 | loss 0.0411 | lr 1.94e-04 | 2.80 steps/s
step  19100 | loss 0.0417 | lr 1.93e-04 | 2.80 steps/s
step  19200 | loss 0.0417 | lr 1.93e-04 | 2.80 steps/s
step  19300 | loss 0.0411 | lr 1.93e-04 | 2.80 steps/s
step  19400 | loss 0.0398 | lr 1.93e-04 | 2.80 steps/s
step  19500 | loss 0.0409 | lr 1.93e-04 | 2.80 steps/s
step  19600 | loss 0.0414 | lr 1.93e-04 | 2.80 steps/s
step  19700 | loss 0.0415 | lr 1.93e-04 | 2.80 steps/s
step  19800 | loss 0.0399 | lr 1.93e-04 | 2.80 steps/s
step  19900 | loss 0.0406 | lr 1.93e-04 | 2.80 steps/s
step  20000 | loss 0.0407 | lr 1.93e-04 | 2.80 steps/s
  -> wrote samples step_020000.png
  -> wrote checkpoint step_020000.pt
step  20100 | loss 0.0400 | lr 1.93e-04 | 1.36 steps/s
step  20200 | loss 0.0402 | lr 1.93e-04 | 2.80 steps/s
step  20300 | loss 0.0406 | lr 1.93e-04 | 2.80 steps/s
step  20400 | loss 0.0423 | lr 1.92e-04 | 2.80 steps/s
step  20500 | loss 0.0404 | lr 1.92e-04 | 2.80 steps/s
step  20600 | loss 0.0407 | lr 1.92e-04 | 2.80 steps/s
step  20700 | loss 0.0400 | lr 1.92e-04 | 2.80 steps/s
step  20800 | loss 0.0424 | lr 1.92e-04 | 2.80 steps/s
step  20900 | loss 0.0390 | lr 1.92e-04 | 2.80 steps/s
step  21000 | loss 0.0391 | lr 1.92e-04 | 2.80 steps/s
step  21100 | loss 0.0413 | lr 1.92e-04 | 2.80 steps/s
step  21200 | loss 0.0389 | lr 1.92e-04 | 2.80 steps/s
step  21300 | loss 0.0403 | lr 1.92e-04 | 2.80 steps/s
step  21400 | loss 0.0395 | lr 1.92e-04 | 2.80 steps/s
step  21500 | loss 0.0397 | lr 1.92e-04 | 2.80 steps/s
step  21600 | loss 0.0417 | lr 1.91e-04 | 2.80 steps/s
step  21700 | loss 0.0408 | lr 1.91e-04 | 2.80 steps/s
step  21800 | loss 0.0393 | lr 1.91e-04 | 2.80 steps/s
step  21900 | loss 0.0400 | lr 1.91e-04 | 2.80 steps/s
step  22000 | loss 0.0417 | lr 1.91e-04 | 2.80 steps/s
step  22100 | loss 0.0406 | lr 1.91e-04 | 2.80 steps/s
step  22200 | loss 0.0416 | lr 1.91e-04 | 2.80 steps/s
step  22300 | loss 0.0400 | lr 1.91e-04 | 2.80 steps/s
step  22400 | loss 0.0409 | lr 1.91e-04 | 2.80 steps/s
step  22500 | loss 0.0395 | lr 1.91e-04 | 2.80 steps/s
step  22600 | loss 0.0419 | lr 1.91e-04 | 2.80 steps/s
step  22700 | loss 0.0412 | lr 1.91e-04 | 2.80 steps/s
step  22800 | loss 0.0412 | lr 1.90e-04 | 2.80 steps/s
step  22900 | loss 0.0403 | lr 1.90e-04 | 2.80 steps/s
step  23000 | loss 0.0410 | lr 1.90e-04 | 2.80 steps/s
step  23100 | loss 0.0409 | lr 1.90e-04 | 2.79 steps/s
step  23200 | loss 0.0419 | lr 1.90e-04 | 2.80 steps/s
step  23300 | loss 0.0408 | lr 1.90e-04 | 2.80 steps/s
step  23400 | loss 0.0406 | lr 1.90e-04 | 2.80 steps/s
step  23500 | loss 0.0404 | lr 1.90e-04 | 2.80 steps/s
step  23600 | loss 0.0403 | lr 1.90e-04 | 2.80 steps/s
step  23700 | loss 0.0415 | lr 1.90e-04 | 2.80 steps/s
step  23800 | loss 0.0406 | lr 1.89e-04 | 2.80 steps/s
step  23900 | loss 0.0407 | lr 1.89e-04 | 2.80 steps/s
step  24000 | loss 0.0396 | lr 1.89e-04 | 2.80 steps/s
step  24100 | loss 0.0397 | lr 1.89e-04 | 2.80 steps/s
step  24200 | loss 0.0398 | lr 1.89e-04 | 2.80 steps/s
step  24300 | loss 0.0404 | lr 1.89e-04 | 2.80 steps/s
step  24400 | loss 0.0400 | lr 1.89e-04 | 2.80 steps/s
step  24500 | loss 0.0393 | lr 1.89e-04 | 2.80 steps/s
step  24600 | loss 0.0404 | lr 1.89e-04 | 2.80 steps/s
step  24700 | loss 0.0400 | lr 1.89e-04 | 2.80 steps/s
step  24800 | loss 0.0396 | lr 1.89e-04 | 2.80 steps/s
step  24900 | loss 0.0407 | lr 1.88e-04 | 2.80 steps/s
step  25000 | loss 0.0415 | lr 1.88e-04 | 2.80 steps/s
  -> wrote samples step_025000.png
step  25100 | loss 0.0417 | lr 1.88e-04 | 1.38 steps/s
step  25200 | loss 0.0409 | lr 1.88e-04 | 2.80 steps/s
step  25300 | loss 0.0405 | lr 1.88e-04 | 2.80 steps/s
step  25400 | loss 0.0405 | lr 1.88e-04 | 2.80 steps/s
step  25500 | loss 0.0398 | lr 1.88e-04 | 2.80 steps/s
step  25600 | loss 0.0409 | lr 1.88e-04 | 2.80 steps/s
step  25700 | loss 0.0399 | lr 1.88e-04 | 2.80 steps/s
step  25800 | loss 0.0400 | lr 1.88e-04 | 2.80 steps/s
step  25900 | loss 0.0399 | lr 1.87e-04 | 2.80 steps/s
step  26000 | loss 0.0399 | lr 1.87e-04 | 2.80 steps/s
step  26100 | loss 0.0410 | lr 1.87e-04 | 2.80 steps/s
step  26200 | loss 0.0395 | lr 1.87e-04 | 2.80 steps/s
step  26300 | loss 0.0409 | lr 1.87e-04 | 2.80 steps/s
step  26400 | loss 0.0394 | lr 1.87e-04 | 2.80 steps/s
step  26500 | loss 0.0399 | lr 1.87e-04 | 2.80 steps/s
step  26600 | loss 0.0401 | lr 1.87e-04 | 2.80 steps/s
step  26700 | loss 0.0417 | lr 1.87e-04 | 2.80 steps/s
step  26800 | loss 0.0397 | lr 1.86e-04 | 2.80 steps/s
step  26900 | loss 0.0401 | lr 1.86e-04 | 2.80 steps/s
step  27000 | loss 0.0403 | lr 1.86e-04 | 2.80 steps/s
step  27100 | loss 0.0398 | lr 1.86e-04 | 2.80 steps/s
step  27200 | loss 0.0392 | lr 1.86e-04 | 2.80 steps/s
step  27300 | loss 0.0409 | lr 1.86e-04 | 2.80 steps/s
step  27400 | loss 0.0393 | lr 1.86e-04 | 2.80 steps/s
step  27500 | loss 0.0408 | lr 1.86e-04 | 2.80 steps/s
step  27600 | loss 0.0418 | lr 1.86e-04 | 2.80 steps/s
step  27700 | loss 0.0410 | lr 1.85e-04 | 2.80 steps/s
step  27800 | loss 0.0389 | lr 1.85e-04 | 2.80 steps/s
step  27900 | loss 0.0406 | lr 1.85e-04 | 2.80 steps/s
step  28000 | loss 0.0394 | lr 1.85e-04 | 2.80 steps/s
step  28100 | loss 0.0401 | lr 1.85e-04 | 2.80 steps/s
step  28200 | loss 0.0398 | lr 1.85e-04 | 2.79 steps/s
step  28300 | loss 0.0399 | lr 1.85e-04 | 2.80 steps/s
step  28400 | loss 0.0395 | lr 1.85e-04 | 2.80 steps/s
step  28500 | loss 0.0401 | lr 1.85e-04 | 2.80 steps/s
step  28600 | loss 0.0391 | lr 1.84e-04 | 2.80 steps/s
step  28700 | loss 0.0401 | lr 1.84e-04 | 2.80 steps/s
step  28800 | loss 0.0396 | lr 1.84e-04 | 2.80 steps/s
step  28900 | loss 0.0392 | lr 1.84e-04 | 2.80 steps/s
step  29000 | loss 0.0392 | lr 1.84e-04 | 2.80 steps/s
step  29100 | loss 0.0405 | lr 1.84e-04 | 2.80 steps/s
step  29200 | loss 0.0399 | lr 1.84e-04 | 2.80 steps/s
step  29300 | loss 0.0394 | lr 1.84e-04 | 2.80 steps/s
step  29400 | loss 0.0408 | lr 1.84e-04 | 2.80 steps/s
step  29500 | loss 0.0395 | lr 1.83e-04 | 2.80 steps/s
step  29600 | loss 0.0400 | lr 1.83e-04 | 2.80 steps/s
step  29700 | loss 0.0395 | lr 1.83e-04 | 2.80 steps/s
step  29800 | loss 0.0397 | lr 1.83e-04 | 2.80 steps/s
step  29900 | loss 0.0399 | lr 1.83e-04 | 2.80 steps/s
step  30000 | loss 0.0403 | lr 1.83e-04 | 2.80 steps/s
  -> wrote samples step_030000.png
  -> wrote checkpoint step_030000.pt
step  30100 | loss 0.0393 | lr 1.83e-04 | 1.36 steps/s
step  30200 | loss 0.0416 | lr 1.83e-04 | 2.80 steps/s
step  30300 | loss 0.0398 | lr 1.82e-04 | 2.80 steps/s
step  30400 | loss 0.0395 | lr 1.82e-04 | 2.80 steps/s
step  30500 | loss 0.0395 | lr 1.82e-04 | 2.80 steps/s
step  30600 | loss 0.0398 | lr 1.82e-04 | 2.80 steps/s
step  30700 | loss 0.0414 | lr 1.82e-04 | 2.80 steps/s
step  30800 | loss 0.0393 | lr 1.82e-04 | 2.80 steps/s
step  30900 | loss 0.0382 | lr 1.82e-04 | 2.80 steps/s
step  31000 | loss 0.0394 | lr 1.82e-04 | 2.80 steps/s
step  31100 | loss 0.0385 | lr 1.82e-04 | 2.80 steps/s
step  31200 | loss 0.0399 | lr 1.81e-04 | 2.80 steps/s
step  31300 | loss 0.0404 | lr 1.81e-04 | 2.80 steps/s
step  31400 | loss 0.0408 | lr 1.81e-04 | 2.80 steps/s
step  31500 | loss 0.0398 | lr 1.81e-04 | 2.80 steps/s
step  31600 | loss 0.0398 | lr 1.81e-04 | 2.80 steps/s
step  31700 | loss 0.0382 | lr 1.81e-04 | 2.80 steps/s
step  31800 | loss 0.0407 | lr 1.81e-04 | 2.80 steps/s
step  31900 | loss 0.0386 | lr 1.81e-04 | 2.80 steps/s
step  32000 | loss 0.0405 | lr 1.80e-04 | 2.80 steps/s
step  32100 | loss 0.0403 | lr 1.80e-04 | 2.80 steps/s
step  32200 | loss 0.0386 | lr 1.80e-04 | 2.80 steps/s
step  32300 | loss 0.0389 | lr 1.80e-04 | 2.80 steps/s
step  32400 | loss 0.0396 | lr 1.80e-04 | 2.80 steps/s
step  32500 | loss 0.0403 | lr 1.80e-04 | 2.80 steps/s
step  32600 | loss 0.0403 | lr 1.80e-04 | 2.80 steps/s
step  32700 | loss 0.0396 | lr 1.80e-04 | 2.80 steps/s
step  32800 | loss 0.0395 | lr 1.79e-04 | 2.80 steps/s
step  32900 | loss 0.0386 | lr 1.79e-04 | 2.80 steps/s
step  33000 | loss 0.0405 | lr 1.79e-04 | 2.80 steps/s
step  33100 | loss 0.0393 | lr 1.79e-04 | 2.80 steps/s
step  33200 | loss 0.0397 | lr 1.79e-04 | 2.80 steps/s
step  33300 | loss 0.0401 | lr 1.79e-04 | 2.80 steps/s
step  33400 | loss 0.0406 | lr 1.79e-04 | 2.80 steps/s
step  33500 | loss 0.0389 | lr 1.78e-04 | 2.80 steps/s
step  33600 | loss 0.0397 | lr 1.78e-04 | 2.80 steps/s
step  33700 | loss 0.0389 | lr 1.78e-04 | 2.80 steps/s
step  33800 | loss 0.0385 | lr 1.78e-04 | 2.80 steps/s
step  33900 | loss 0.0398 | lr 1.78e-04 | 2.79 steps/s
step  34000 | loss 0.0402 | lr 1.78e-04 | 2.80 steps/s
step  34100 | loss 0.0382 | lr 1.78e-04 | 2.80 steps/s
step  34200 | loss 0.0395 | lr 1.78e-04 | 2.80 steps/s
step  34300 | loss 0.0396 | lr 1.77e-04 | 2.80 steps/s
step  34400 | loss 0.0393 | lr 1.77e-04 | 2.80 steps/s
step  34500 | loss 0.0389 | lr 1.77e-04 | 2.80 steps/s
step  34600 | loss 0.0394 | lr 1.77e-04 | 2.80 steps/s
step  34700 | loss 0.0396 | lr 1.77e-04 | 2.80 steps/s
step  34800 | loss 0.0392 | lr 1.77e-04 | 2.80 steps/s
step  34900 | loss 0.0384 | lr 1.77e-04 | 2.80 steps/s
step  35000 | loss 0.0383 | lr 1.76e-04 | 2.80 steps/s
  -> wrote samples step_035000.png
step  35100 | loss 0.0404 | lr 1.76e-04 | 1.38 steps/s
step  35200 | loss 0.0392 | lr 1.76e-04 | 2.80 steps/s
step  35300 | loss 0.0410 | lr 1.76e-04 | 2.80 steps/s
step  35400 | loss 0.0405 | lr 1.76e-04 | 2.79 steps/s
step  35500 | loss 0.0396 | lr 1.76e-04 | 2.80 steps/s
step  35600 | loss 0.0387 | lr 1.76e-04 | 2.80 steps/s
step  35700 | loss 0.0389 | lr 1.75e-04 | 2.80 steps/s
step  35800 | loss 0.0378 | lr 1.75e-04 | 2.80 steps/s
step  35900 | loss 0.0397 | lr 1.75e-04 | 2.80 steps/s
step  36000 | loss 0.0400 | lr 1.75e-04 | 2.80 steps/s
step  36100 | loss 0.0397 | lr 1.75e-04 | 2.80 steps/s
step  36200 | loss 0.0394 | lr 1.75e-04 | 2.80 steps/s
step  36300 | loss 0.0400 | lr 1.75e-04 | 2.80 steps/s
step  36400 | loss 0.0395 | lr 1.75e-04 | 2.80 steps/s
step  36500 | loss 0.0397 | lr 1.74e-04 | 2.80 steps/s
step  36600 | loss 0.0384 | lr 1.74e-04 | 2.80 steps/s
step  36700 | loss 0.0400 | lr 1.74e-04 | 2.80 steps/s
step  36800 | loss 0.0383 | lr 1.74e-04 | 2.80 steps/s
step  36900 | loss 0.0391 | lr 1.74e-04 | 2.80 steps/s
step  37000 | loss 0.0394 | lr 1.74e-04 | 2.80 steps/s
step  37100 | loss 0.0379 | lr 1.74e-04 | 2.80 steps/s
step  37200 | loss 0.0375 | lr 1.73e-04 | 2.80 steps/s
step  37300 | loss 0.0389 | lr 1.73e-04 | 2.80 steps/s
step  37400 | loss 0.0400 | lr 1.73e-04 | 2.80 steps/s
step  37500 | loss 0.0394 | lr 1.73e-04 | 2.79 steps/s
step  37600 | loss 0.0396 | lr 1.73e-04 | 2.80 steps/s
step  37700 | loss 0.0394 | lr 1.73e-04 | 2.80 steps/s
step  37800 | loss 0.0391 | lr 1.72e-04 | 2.80 steps/s
step  37900 | loss 0.0393 | lr 1.72e-04 | 2.80 steps/s
step  38000 | loss 0.0385 | lr 1.72e-04 | 2.80 steps/s
step  38100 | loss 0.0395 | lr 1.72e-04 | 2.80 steps/s
step  38200 | loss 0.0380 | lr 1.72e-04 | 2.80 steps/s
step  38300 | loss 0.0390 | lr 1.72e-04 | 2.79 steps/s
step  38400 | loss 0.0388 | lr 1.72e-04 | 2.80 steps/s
step  38500 | loss 0.0393 | lr 1.71e-04 | 2.80 steps/s
step  38600 | loss 0.0388 | lr 1.71e-04 | 2.80 steps/s
step  38700 | loss 0.0398 | lr 1.71e-04 | 2.80 steps/s
step  38800 | loss 0.0405 | lr 1.71e-04 | 2.80 steps/s
step  38900 | loss 0.0393 | lr 1.71e-04 | 2.80 steps/s
step  39000 | loss 0.0391 | lr 1.71e-04 | 2.80 steps/s
step  39100 | loss 0.0395 | lr 1.71e-04 | 2.80 steps/s
step  39200 | loss 0.0413 | lr 1.70e-04 | 2.80 steps/s
step  39300 | loss 0.0400 | lr 1.70e-04 | 2.80 steps/s
step  39400 | loss 0.0393 | lr 1.70e-04 | 2.80 steps/s
step  39500 | loss 0.0383 | lr 1.70e-04 | 2.80 steps/s
step  39600 | loss 0.0385 | lr 1.70e-04 | 2.80 steps/s
step  39700 | loss 0.0409 | lr 1.70e-04 | 2.80 steps/s
step  39800 | loss 0.0396 | lr 1.70e-04 | 2.80 steps/s
step  39900 | loss 0.0391 | lr 1.69e-04 | 2.80 steps/s
step  40000 | loss 0.0394 | lr 1.69e-04 | 2.80 steps/s
  -> wrote samples step_040000.png
  -> wrote checkpoint step_040000.pt
step  40100 | loss 0.0404 | lr 1.69e-04 | 1.36 steps/s
step  40200 | loss 0.0394 | lr 1.69e-04 | 2.80 steps/s
step  40300 | loss 0.0390 | lr 1.69e-04 | 2.80 steps/s
step  40400 | loss 0.0385 | lr 1.69e-04 | 2.80 steps/s
step  40500 | loss 0.0386 | lr 1.68e-04 | 2.80 steps/s
step  40600 | loss 0.0403 | lr 1.68e-04 | 2.80 steps/s
step  40700 | loss 0.0397 | lr 1.68e-04 | 2.80 steps/s
step  40800 | loss 0.0402 | lr 1.68e-04 | 2.80 steps/s
step  40900 | loss 0.0387 | lr 1.68e-04 | 2.80 steps/s
step  41000 | loss 0.0395 | lr 1.68e-04 | 2.80 steps/s
step  41100 | loss 0.0394 | lr 1.67e-04 | 2.80 steps/s
step  41200 | loss 0.0385 | lr 1.67e-04 | 2.80 steps/s
step  41300 | loss 0.0385 | lr 1.67e-04 | 2.80 steps/s
step  41400 | loss 0.0390 | lr 1.67e-04 | 2.80 steps/s
step  41500 | loss 0.0396 | lr 1.67e-04 | 2.80 steps/s
step  41600 | loss 0.0395 | lr 1.67e-04 | 2.80 steps/s
step  41700 | loss 0.0386 | lr 1.67e-04 | 2.80 steps/s
step  41800 | loss 0.0386 | lr 1.66e-04 | 2.80 steps/s
step  41900 | loss 0.0394 | lr 1.66e-04 | 2.80 steps/s
step  42000 | loss 0.0405 | lr 1.66e-04 | 2.80 steps/s
step  42100 | loss 0.0401 | lr 1.66e-04 | 2.80 steps/s
step  42200 | loss 0.0395 | lr 1.66e-04 | 2.80 steps/s
step  42300 | loss 0.0390 | lr 1.66e-04 | 2.80 steps/s
step  42400 | loss 0.0392 | lr 1.65e-04 | 2.80 steps/s
step  42500 | loss 0.0405 | lr 1.65e-04 | 2.80 steps/s
step  42600 | loss 0.0377 | lr 1.65e-04 | 2.80 steps/s
step  42700 | loss 0.0389 | lr 1.65e-04 | 2.80 steps/s
step  42800 | loss 0.0392 | lr 1.65e-04 | 2.80 steps/s
step  42900 | loss 0.0392 | lr 1.65e-04 | 2.80 steps/s
step  43000 | loss 0.0393 | lr 1.64e-04 | 2.80 steps/s
step  43100 | loss 0.0399 | lr 1.64e-04 | 2.80 steps/s
step  43200 | loss 0.0406 | lr 1.64e-04 | 2.80 steps/s
step  43300 | loss 0.0399 | lr 1.64e-04 | 2.80 steps/s
step  43400 | loss 0.0399 | lr 1.64e-04 | 2.80 steps/s
step  43500 | loss 0.0396 | lr 1.64e-04 | 2.80 steps/s
step  43600 | loss 0.0385 | lr 1.63e-04 | 2.80 steps/s
step  43700 | loss 0.0394 | lr 1.63e-04 | 2.80 steps/s
step  43800 | loss 0.0390 | lr 1.63e-04 | 2.80 steps/s
step  43900 | loss 0.0385 | lr 1.63e-04 | 2.80 steps/s
step  44000 | loss 0.0380 | lr 1.63e-04 | 2.80 steps/s
step  44100 | loss 0.0396 | lr 1.63e-04 | 2.80 steps/s
step  44200 | loss 0.0388 | lr 1.62e-04 | 2.80 steps/s
step  44300 | loss 0.0381 | lr 1.62e-04 | 2.80 steps/s
step  44400 | loss 0.0378 | lr 1.62e-04 | 2.80 steps/s
step  44500 | loss 0.0394 | lr 1.62e-04 | 2.80 steps/s
step  44600 | loss 0.0394 | lr 1.62e-04 | 2.80 steps/s
step  44700 | loss 0.0380 | lr 1.62e-04 | 2.80 steps/s
step  44800 | loss 0.0385 | lr 1.61e-04 | 2.79 steps/s
step  44900 | loss 0.0394 | lr 1.61e-04 | 2.80 steps/s
step  45000 | loss 0.0389 | lr 1.61e-04 | 2.80 steps/s
  -> wrote samples step_045000.png
step  45100 | loss 0.0384 | lr 1.61e-04 | 1.38 steps/s
step  45200 | loss 0.0389 | lr 1.61e-04 | 2.80 steps/s
step  45300 | loss 0.0389 | lr 1.61e-04 | 2.80 steps/s
step  45400 | loss 0.0378 | lr 1.60e-04 | 2.80 steps/s
step  45500 | loss 0.0395 | lr 1.60e-04 | 2.80 steps/s
step  45600 | loss 0.0396 | lr 1.60e-04 | 2.80 steps/s
step  45700 | loss 0.0393 | lr 1.60e-04 | 2.80 steps/s
step  45800 | loss 0.0400 | lr 1.60e-04 | 2.80 steps/s
step  45900 | loss 0.0392 | lr 1.60e-04 | 2.80 steps/s
step  46000 | loss 0.0392 | lr 1.59e-04 | 2.80 steps/s
step  46100 | loss 0.0383 | lr 1.59e-04 | 2.80 steps/s
step  46200 | loss 0.0389 | lr 1.59e-04 | 2.80 steps/s
step  46300 | loss 0.0387 | lr 1.59e-04 | 2.80 steps/s
step  46400 | loss 0.0393 | lr 1.59e-04 | 2.80 steps/s
step  46500 | loss 0.0387 | lr 1.59e-04 | 2.80 steps/s
step  46600 | loss 0.0393 | lr 1.58e-04 | 2.80 steps/s
step  46700 | loss 0.0391 | lr 1.58e-04 | 2.80 steps/s
step  46800 | loss 0.0392 | lr 1.58e-04 | 2.80 steps/s
step  46900 | loss 0.0382 | lr 1.58e-04 | 2.80 steps/s
step  47000 | loss 0.0382 | lr 1.58e-04 | 2.80 steps/s
step  47100 | loss 0.0405 | lr 1.58e-04 | 2.80 steps/s
step  47200 | loss 0.0396 | lr 1.57e-04 | 2.80 steps/s
step  47300 | loss 0.0390 | lr 1.57e-04 | 2.80 steps/s
step  47400 | loss 0.0388 | lr 1.57e-04 | 2.80 steps/s
step  47500 | loss 0.0394 | lr 1.57e-04 | 2.80 steps/s
step  47600 | loss 0.0387 | lr 1.57e-04 | 2.80 steps/s
step  47700 | loss 0.0382 | lr 1.57e-04 | 2.80 steps/s
step  47800 | loss 0.0369 | lr 1.56e-04 | 2.80 steps/s
step  47900 | loss 0.0373 | lr 1.56e-04 | 2.80 steps/s
step  48000 | loss 0.0390 | lr 1.56e-04 | 2.80 steps/s
step  48100 | loss 0.0394 | lr 1.56e-04 | 2.80 steps/s
step  48200 | loss 0.0390 | lr 1.56e-04 | 2.80 steps/s
step  48300 | loss 0.0387 | lr 1.55e-04 | 2.80 steps/s
step  48400 | loss 0.0390 | lr 1.55e-04 | 2.80 steps/s
step  48500 | loss 0.0392 | lr 1.55e-04 | 2.80 steps/s
step  48600 | loss 0.0389 | lr 1.55e-04 | 2.80 steps/s
step  48700 | loss 0.0389 | lr 1.55e-04 | 2.80 steps/s
step  48800 | loss 0.0395 | lr 1.55e-04 | 2.80 steps/s
step  48900 | loss 0.0390 | lr 1.54e-04 | 2.80 steps/s
step  49000 | loss 0.0387 | lr 1.54e-04 | 2.80 steps/s
step  49100 | loss 0.0387 | lr 1.54e-04 | 2.80 steps/s
step  49200 | loss 0.0378 | lr 1.54e-04 | 2.80 steps/s
step  49300 | loss 0.0374 | lr 1.54e-04 | 2.80 steps/s
step  49400 | loss 0.0389 | lr 1.54e-04 | 2.80 steps/s
step  49500 | loss 0.0396 | lr 1.53e-04 | 2.80 steps/s
step  49600 | loss 0.0383 | lr 1.53e-04 | 2.80 steps/s
step  49700 | loss 0.0384 | lr 1.53e-04 | 2.80 steps/s
step  49800 | loss 0.0395 | lr 1.53e-04 | 2.80 steps/s
step  49900 | loss 0.0388 | lr 1.53e-04 | 2.80 steps/s
step  50000 | loss 0.0383 | lr 1.52e-04 | 2.80 steps/s
  -> wrote samples step_050000.png
  -> wrote checkpoint step_050000.pt
step  50100 | loss 0.0384 | lr 1.52e-04 | 1.36 steps/s
step  50200 | loss 0.0393 | lr 1.52e-04 | 2.80 steps/s
step  50300 | loss 0.0381 | lr 1.52e-04 | 2.80 steps/s
step  50400 | loss 0.0380 | lr 1.52e-04 | 2.80 steps/s
step  50500 | loss 0.0384 | lr 1.52e-04 | 2.79 steps/s
step  50600 | loss 0.0383 | lr 1.51e-04 | 2.80 steps/s
step  50700 | loss 0.0369 | lr 1.51e-04 | 2.80 steps/s
step  50800 | loss 0.0397 | lr 1.51e-04 | 2.80 steps/s
step  50900 | loss 0.0376 | lr 1.51e-04 | 2.80 steps/s
step  51000 | loss 0.0379 | lr 1.51e-04 | 2.80 steps/s
step  51100 | loss 0.0388 | lr 1.50e-04 | 2.80 steps/s
step  51200 | loss 0.0383 | lr 1.50e-04 | 2.80 steps/s
step  51300 | loss 0.0399 | lr 1.50e-04 | 2.80 steps/s
step  51400 | loss 0.0382 | lr 1.50e-04 | 2.80 steps/s
step  51500 | loss 0.0380 | lr 1.50e-04 | 2.80 steps/s
step  51600 | loss 0.0382 | lr 1.50e-04 | 2.80 steps/s
step  51700 | loss 0.0392 | lr 1.49e-04 | 2.80 steps/s
step  51800 | loss 0.0399 | lr 1.49e-04 | 2.80 steps/s
step  51900 | loss 0.0383 | lr 1.49e-04 | 2.80 steps/s
step  52000 | loss 0.0377 | lr 1.49e-04 | 2.79 steps/s
step  52100 | loss 0.0386 | lr 1.49e-04 | 2.80 steps/s
step  52200 | loss 0.0389 | lr 1.48e-04 | 2.80 steps/s
step  52300 | loss 0.0387 | lr 1.48e-04 | 2.80 steps/s
step  52400 | loss 0.0386 | lr 1.48e-04 | 2.80 steps/s
step  52500 | loss 0.0390 | lr 1.48e-04 | 2.80 steps/s
step  52600 | loss 0.0397 | lr 1.48e-04 | 2.80 steps/s
step  52700 | loss 0.0391 | lr 1.47e-04 | 2.79 steps/s
step  52800 | loss 0.0384 | lr 1.47e-04 | 2.80 steps/s
step  52900 | loss 0.0393 | lr 1.47e-04 | 2.80 steps/s
step  53000 | loss 0.0394 | lr 1.47e-04 | 2.80 steps/s
step  53100 | loss 0.0389 | lr 1.47e-04 | 2.80 steps/s
step  53200 | loss 0.0388 | lr 1.47e-04 | 2.80 steps/s
step  53300 | loss 0.0383 | lr 1.46e-04 | 2.80 steps/s
step  53400 | loss 0.0377 | lr 1.46e-04 | 2.80 steps/s
step  53500 | loss 0.0385 | lr 1.46e-04 | 2.80 steps/s
step  53600 | loss 0.0394 | lr 1.46e-04 | 2.80 steps/s
step  53700 | loss 0.0383 | lr 1.46e-04 | 2.80 steps/s
step  53800 | loss 0.0382 | lr 1.45e-04 | 2.80 steps/s
step  53900 | loss 0.0385 | lr 1.45e-04 | 2.80 steps/s
step  54000 | loss 0.0380 | lr 1.45e-04 | 2.80 steps/s
step  54100 | loss 0.0379 | lr 1.45e-04 | 2.79 steps/s
step  54200 | loss 0.0384 | lr 1.45e-04 | 2.80 steps/s
step  54300 | loss 0.0381 | lr 1.44e-04 | 2.80 steps/s
step  54400 | loss 0.0393 | lr 1.44e-04 | 2.80 steps/s
step  54500 | loss 0.0388 | lr 1.44e-04 | 2.80 steps/s
step  54600 | loss 0.0390 | lr 1.44e-04 | 2.80 steps/s
step  54700 | loss 0.0373 | lr 1.44e-04 | 2.80 steps/s
step  54800 | loss 0.0390 | lr 1.43e-04 | 2.80 steps/s
step  54900 | loss 0.0382 | lr 1.43e-04 | 2.80 steps/s
step  55000 | loss 0.0385 | lr 1.43e-04 | 2.80 steps/s
  -> wrote samples step_055000.png
step  55100 | loss 0.0386 | lr 1.43e-04 | 1.38 steps/s
step  55200 | loss 0.0396 | lr 1.43e-04 | 2.80 steps/s
step  55300 | loss 0.0385 | lr 1.43e-04 | 2.80 steps/s
step  55400 | loss 0.0382 | lr 1.42e-04 | 2.80 steps/s
step  55500 | loss 0.0387 | lr 1.42e-04 | 2.80 steps/s
step  55600 | loss 0.0391 | lr 1.42e-04 | 2.80 steps/s
step  55700 | loss 0.0387 | lr 1.42e-04 | 2.80 steps/s
step  55800 | loss 0.0376 | lr 1.42e-04 | 2.80 steps/s
step  55900 | loss 0.0385 | lr 1.41e-04 | 2.80 steps/s
step  56000 | loss 0.0383 | lr 1.41e-04 | 2.80 steps/s
step  56100 | loss 0.0397 | lr 1.41e-04 | 2.80 steps/s
step  56200 | loss 0.0383 | lr 1.41e-04 | 2.80 steps/s
step  56300 | loss 0.0381 | lr 1.41e-04 | 2.80 steps/s
step  56400 | loss 0.0385 | lr 1.40e-04 | 2.80 steps/s
step  56500 | loss 0.0382 | lr 1.40e-04 | 2.80 steps/s
step  56600 | loss 0.0393 | lr 1.40e-04 | 2.80 steps/s
step  56700 | loss 0.0381 | lr 1.40e-04 | 2.80 steps/s
step  56800 | loss 0.0377 | lr 1.40e-04 | 2.80 steps/s
step  56900 | loss 0.0378 | lr 1.39e-04 | 2.80 steps/s
step  57000 | loss 0.0374 | lr 1.39e-04 | 2.80 steps/s
step  57100 | loss 0.0390 | lr 1.39e-04 | 2.80 steps/s
step  57200 | loss 0.0378 | lr 1.39e-04 | 2.80 steps/s
step  57300 | loss 0.0383 | lr 1.39e-04 | 2.80 steps/s
step  57400 | loss 0.0379 | lr 1.38e-04 | 2.80 steps/s
step  57500 | loss 0.0376 | lr 1.38e-04 | 2.80 steps/s
step  57600 | loss 0.0389 | lr 1.38e-04 | 2.80 steps/s
step  57700 | loss 0.0383 | lr 1.38e-04 | 2.80 steps/s
step  57800 | loss 0.0389 | lr 1.38e-04 | 2.80 steps/s
step  57900 | loss 0.0384 | lr 1.37e-04 | 2.80 steps/s
step  58000 | loss 0.0394 | lr 1.37e-04 | 2.80 steps/s
step  58100 | loss 0.0373 | lr 1.37e-04 | 2.80 steps/s
step  58200 | loss 0.0377 | lr 1.37e-04 | 2.80 steps/s
step  58300 | loss 0.0384 | lr 1.37e-04 | 2.80 steps/s
step  58400 | loss 0.0388 | lr 1.36e-04 | 2.80 steps/s
step  58500 | loss 0.0380 | lr 1.36e-04 | 2.80 steps/s
step  58600 | loss 0.0381 | lr 1.36e-04 | 2.80 steps/s
step  58700 | loss 0.0380 | lr 1.36e-04 | 2.80 steps/s
step  58800 | loss 0.0389 | lr 1.36e-04 | 2.80 steps/s
step  58900 | loss 0.0406 | lr 1.36e-04 | 2.80 steps/s
step  59000 | loss 0.0377 | lr 1.35e-04 | 2.80 steps/s
step  59100 | loss 0.0386 | lr 1.35e-04 | 2.80 steps/s
step  59200 | loss 0.0374 | lr 1.35e-04 | 2.79 steps/s
step  59300 | loss 0.0385 | lr 1.35e-04 | 2.80 steps/s
step  59400 | loss 0.0384 | lr 1.35e-04 | 2.80 steps/s
step  59500 | loss 0.0389 | lr 1.34e-04 | 2.80 steps/s
step  59600 | loss 0.0384 | lr 1.34e-04 | 2.80 steps/s
step  59700 | loss 0.0381 | lr 1.34e-04 | 2.80 steps/s
step  59800 | loss 0.0389 | lr 1.34e-04 | 2.80 steps/s
step  59900 | loss 0.0377 | lr 1.34e-04 | 2.79 steps/s
step  60000 | loss 0.0391 | lr 1.33e-04 | 2.80 steps/s
  -> wrote samples step_060000.png
  -> wrote checkpoint step_060000.pt
step  60100 | loss 0.0382 | lr 1.33e-04 | 1.36 steps/s
step  60200 | loss 0.0382 | lr 1.33e-04 | 2.80 steps/s
step  60300 | loss 0.0375 | lr 1.33e-04 | 2.80 steps/s
step  60400 | loss 0.0388 | lr 1.33e-04 | 2.80 steps/s
step  60500 | loss 0.0376 | lr 1.32e-04 | 2.80 steps/s
step  60600 | loss 0.0386 | lr 1.32e-04 | 2.80 steps/s
step  60700 | loss 0.0388 | lr 1.32e-04 | 2.80 steps/s
step  60800 | loss 0.0376 | lr 1.32e-04 | 2.80 steps/s
step  60900 | loss 0.0382 | lr 1.32e-04 | 2.80 steps/s
step  61000 | loss 0.0388 | lr 1.31e-04 | 2.80 steps/s
step  61100 | loss 0.0375 | lr 1.31e-04 | 2.80 steps/s
step  61200 | loss 0.0388 | lr 1.31e-04 | 2.80 steps/s
step  61300 | loss 0.0379 | lr 1.31e-04 | 2.80 steps/s
step  61400 | loss 0.0383 | lr 1.30e-04 | 2.80 steps/s
step  61500 | loss 0.0384 | lr 1.30e-04 | 2.80 steps/s
step  61600 | loss 0.0375 | lr 1.30e-04 | 2.80 steps/s
step  61700 | loss 0.0371 | lr 1.30e-04 | 2.80 steps/s
step  61800 | loss 0.0382 | lr 1.30e-04 | 2.80 steps/s
step  61900 | loss 0.0380 | lr 1.29e-04 | 2.80 steps/s
step  62000 | loss 0.0383 | lr 1.29e-04 | 2.80 steps/s
step  62100 | loss 0.0379 | lr 1.29e-04 | 2.79 steps/s
step  62200 | loss 0.0394 | lr 1.29e-04 | 2.80 steps/s
step  62300 | loss 0.0371 | lr 1.29e-04 | 2.80 steps/s
step  62400 | loss 0.0379 | lr 1.28e-04 | 2.80 steps/s
step  62500 | loss 0.0379 | lr 1.28e-04 | 2.80 steps/s
step  62600 | loss 0.0365 | lr 1.28e-04 | 2.80 steps/s
step  62700 | loss 0.0395 | lr 1.28e-04 | 2.80 steps/s
step  62800 | loss 0.0367 | lr 1.28e-04 | 2.80 steps/s
step  62900 | loss 0.0379 | lr 1.27e-04 | 2.80 steps/s
step  63000 | loss 0.0382 | lr 1.27e-04 | 2.80 steps/s
step  63100 | loss 0.0383 | lr 1.27e-04 | 2.80 steps/s
step  63200 | loss 0.0382 | lr 1.27e-04 | 2.80 steps/s
step  63300 | loss 0.0393 | lr 1.27e-04 | 2.80 steps/s
step  63400 | loss 0.0378 | lr 1.26e-04 | 2.80 steps/s
step  63500 | loss 0.0371 | lr 1.26e-04 | 2.80 steps/s
step  63600 | loss 0.0395 | lr 1.26e-04 | 2.80 steps/s
step  63700 | loss 0.0383 | lr 1.26e-04 | 2.80 steps/s
step  63800 | loss 0.0377 | lr 1.26e-04 | 2.80 steps/s
step  63900 | loss 0.0391 | lr 1.25e-04 | 2.80 steps/s
step  64000 | loss 0.0378 | lr 1.25e-04 | 2.80 steps/s
step  64100 | loss 0.0373 | lr 1.25e-04 | 2.80 steps/s
step  64200 | loss 0.0387 | lr 1.25e-04 | 2.80 steps/s
step  64300 | loss 0.0383 | lr 1.25e-04 | 2.80 steps/s
step  64400 | loss 0.0375 | lr 1.24e-04 | 2.80 steps/s
step  64500 | loss 0.0381 | lr 1.24e-04 | 2.80 steps/s
step  64600 | loss 0.0374 | lr 1.24e-04 | 2.80 steps/s
step  64700 | loss 0.0380 | lr 1.24e-04 | 2.80 steps/s
step  64800 | loss 0.0386 | lr 1.24e-04 | 2.80 steps/s
step  64900 | loss 0.0377 | lr 1.23e-04 | 2.79 steps/s
step  65000 | loss 0.0385 | lr 1.23e-04 | 2.80 steps/s
  -> wrote samples step_065000.png
step  65100 | loss 0.0387 | lr 1.23e-04 | 1.38 steps/s
step  65200 | loss 0.0382 | lr 1.23e-04 | 2.80 steps/s
step  65300 | loss 0.0385 | lr 1.23e-04 | 2.80 steps/s
step  65400 | loss 0.0370 | lr 1.22e-04 | 2.80 steps/s
step  65500 | loss 0.0389 | lr 1.22e-04 | 2.80 steps/s
step  65600 | loss 0.0381 | lr 1.22e-04 | 2.80 steps/s
step  65700 | loss 0.0396 | lr 1.22e-04 | 2.80 steps/s
step  65800 | loss 0.0369 | lr 1.21e-04 | 2.80 steps/s
step  65900 | loss 0.0385 | lr 1.21e-04 | 2.80 steps/s
step  66000 | loss 0.0380 | lr 1.21e-04 | 2.80 steps/s
step  66100 | loss 0.0382 | lr 1.21e-04 | 2.80 steps/s
step  66200 | loss 0.0376 | lr 1.21e-04 | 2.80 steps/s
step  66300 | loss 0.0377 | lr 1.20e-04 | 2.80 steps/s
step  66400 | loss 0.0392 | lr 1.20e-04 | 2.80 steps/s
step  66500 | loss 0.0397 | lr 1.20e-04 | 2.80 steps/s
step  66600 | loss 0.0390 | lr 1.20e-04 | 2.80 steps/s
step  66700 | loss 0.0370 | lr 1.20e-04 | 2.80 steps/s
step  66800 | loss 0.0389 | lr 1.19e-04 | 2.80 steps/s
step  66900 | loss 0.0380 | lr 1.19e-04 | 2.80 steps/s
step  67000 | loss 0.0386 | lr 1.19e-04 | 2.80 steps/s
step  67100 | loss 0.0374 | lr 1.19e-04 | 2.80 steps/s
step  67200 | loss 0.0373 | lr 1.19e-04 | 2.80 steps/s
step  67300 | loss 0.0394 | lr 1.18e-04 | 2.80 steps/s
step  67400 | loss 0.0401 | lr 1.18e-04 | 2.80 steps/s
step  67500 | loss 0.0378 | lr 1.18e-04 | 2.80 steps/s
step  67600 | loss 0.0389 | lr 1.18e-04 | 2.80 steps/s
step  67700 | loss 0.0384 | lr 1.18e-04 | 2.80 steps/s
step  67800 | loss 0.0387 | lr 1.17e-04 | 2.80 steps/s
step  67900 | loss 0.0372 | lr 1.17e-04 | 2.80 steps/s
step  68000 | loss 0.0379 | lr 1.17e-04 | 2.80 steps/s
step  68100 | loss 0.0384 | lr 1.17e-04 | 2.80 steps/s
step  68200 | loss 0.0382 | lr 1.16e-04 | 2.80 steps/s
step  68300 | loss 0.0384 | lr 1.16e-04 | 2.80 steps/s
step  68400 | loss 0.0382 | lr 1.16e-04 | 2.80 steps/s
step  68500 | loss 0.0383 | lr 1.16e-04 | 2.79 steps/s
step  68600 | loss 0.0383 | lr 1.16e-04 | 2.80 steps/s
step  68700 | loss 0.0387 | lr 1.15e-04 | 2.80 steps/s
step  68800 | loss 0.0386 | lr 1.15e-04 | 2.80 steps/s
step  68900 | loss 0.0394 | lr 1.15e-04 | 2.80 steps/s
step  69000 | loss 0.0376 | lr 1.15e-04 | 2.80 steps/s
step  69100 | loss 0.0385 | lr 1.15e-04 | 2.80 steps/s
step  69200 | loss 0.0382 | lr 1.14e-04 | 2.80 steps/s
step  69300 | loss 0.0382 | lr 1.14e-04 | 2.80 steps/s
step  69400 | loss 0.0377 | lr 1.14e-04 | 2.80 steps/s
step  69500 | loss 0.0384 | lr 1.14e-04 | 2.80 steps/s
step  69600 | loss 0.0387 | lr 1.14e-04 | 2.80 steps/s
step  69700 | loss 0.0392 | lr 1.13e-04 | 2.80 steps/s
step  69800 | loss 0.0371 | lr 1.13e-04 | 2.80 steps/s
step  69900 | loss 0.0372 | lr 1.13e-04 | 2.80 steps/s
step  70000 | loss 0.0378 | lr 1.13e-04 | 2.79 steps/s
  -> wrote samples step_070000.png
  -> wrote checkpoint step_070000.pt
step  70100 | loss 0.0378 | lr 1.12e-04 | 1.36 steps/s
step  70200 | loss 0.0373 | lr 1.12e-04 | 2.80 steps/s
step  70300 | loss 0.0387 | lr 1.12e-04 | 2.80 steps/s
step  70400 | loss 0.0391 | lr 1.12e-04 | 2.80 steps/s
step  70500 | loss 0.0381 | lr 1.12e-04 | 2.80 steps/s
step  70600 | loss 0.0386 | lr 1.11e-04 | 2.80 steps/s
step  70700 | loss 0.0379 | lr 1.11e-04 | 2.79 steps/s
step  70800 | loss 0.0375 | lr 1.11e-04 | 2.80 steps/s
step  70900 | loss 0.0384 | lr 1.11e-04 | 2.80 steps/s
step  71000 | loss 0.0379 | lr 1.11e-04 | 2.80 steps/s
step  71100 | loss 0.0380 | lr 1.10e-04 | 2.80 steps/s
step  71200 | loss 0.0373 | lr 1.10e-04 | 2.80 steps/s
step  71300 | loss 0.0377 | lr 1.10e-04 | 2.80 steps/s
step  71400 | loss 0.0378 | lr 1.10e-04 | 2.79 steps/s
step  71500 | loss 0.0390 | lr 1.10e-04 | 2.80 steps/s
step  71600 | loss 0.0373 | lr 1.09e-04 | 2.80 steps/s
step  71700 | loss 0.0382 | lr 1.09e-04 | 2.80 steps/s
step  71800 | loss 0.0393 | lr 1.09e-04 | 2.80 steps/s
step  71900 | loss 0.0389 | lr 1.09e-04 | 2.80 steps/s
step  72000 | loss 0.0376 | lr 1.08e-04 | 2.80 steps/s
step  72100 | loss 0.0391 | lr 1.08e-04 | 2.80 steps/s
step  72200 | loss 0.0383 | lr 1.08e-04 | 2.79 steps/s
step  72300 | loss 0.0392 | lr 1.08e-04 | 2.80 steps/s
step  72400 | loss 0.0377 | lr 1.08e-04 | 2.80 steps/s
step  72500 | loss 0.0375 | lr 1.07e-04 | 2.80 steps/s
step  72600 | loss 0.0385 | lr 1.07e-04 | 2.80 steps/s
step  72700 | loss 0.0382 | lr 1.07e-04 | 2.80 steps/s
step  72800 | loss 0.0391 | lr 1.07e-04 | 2.80 steps/s
step  72900 | loss 0.0383 | lr 1.07e-04 | 2.80 steps/s
step  73000 | loss 0.0378 | lr 1.06e-04 | 2.80 steps/s
step  73100 | loss 0.0364 | lr 1.06e-04 | 2.80 steps/s
step  73200 | loss 0.0376 | lr 1.06e-04 | 2.80 steps/s
step  73300 | loss 0.0385 | lr 1.06e-04 | 2.80 steps/s
step  73400 | loss 0.0376 | lr 1.06e-04 | 2.80 steps/s
step  73500 | loss 0.0388 | lr 1.05e-04 | 2.80 steps/s
step  73600 | loss 0.0380 | lr 1.05e-04 | 2.80 steps/s
step  73700 | loss 0.0386 | lr 1.05e-04 | 2.80 steps/s
step  73800 | loss 0.0377 | lr 1.05e-04 | 2.80 steps/s
step  73900 | loss 0.0385 | lr 1.04e-04 | 2.80 steps/s
step  74000 | loss 0.0383 | lr 1.04e-04 | 2.80 steps/s
step  74100 | loss 0.0377 | lr 1.04e-04 | 2.80 steps/s
step  74200 | loss 0.0372 | lr 1.04e-04 | 2.80 steps/s
step  74300 | loss 0.0397 | lr 1.04e-04 | 2.79 steps/s
step  74400 | loss 0.0385 | lr 1.03e-04 | 2.80 steps/s
step  74500 | loss 0.0375 | lr 1.03e-04 | 2.80 steps/s
step  74600 | loss 0.0388 | lr 1.03e-04 | 2.80 steps/s
step  74700 | loss 0.0377 | lr 1.03e-04 | 2.80 steps/s
step  74800 | loss 0.0367 | lr 1.03e-04 | 2.80 steps/s
step  74900 | loss 0.0380 | lr 1.02e-04 | 2.80 steps/s
step  75000 | loss 0.0370 | lr 1.02e-04 | 2.80 steps/s
  -> wrote samples step_075000.png
step  75100 | loss 0.0366 | lr 1.02e-04 | 1.38 steps/s
step  75200 | loss 0.0378 | lr 1.02e-04 | 2.80 steps/s
step  75300 | loss 0.0382 | lr 1.01e-04 | 2.80 steps/s
step  75400 | loss 0.0378 | lr 1.01e-04 | 2.80 steps/s
step  75500 | loss 0.0363 | lr 1.01e-04 | 2.80 steps/s
step  75600 | loss 0.0374 | lr 1.01e-04 | 2.80 steps/s
step  75700 | loss 0.0388 | lr 1.01e-04 | 2.80 steps/s
step  75800 | loss 0.0385 | lr 1.00e-04 | 2.80 steps/s
step  75900 | loss 0.0375 | lr 1.00e-04 | 2.80 steps/s
step  76000 | loss 0.0372 | lr 1.00e-04 | 2.80 steps/s
step  76100 | loss 0.0381 | lr 9.98e-05 | 2.80 steps/s
step  76200 | loss 0.0390 | lr 9.96e-05 | 2.80 steps/s
step  76300 | loss 0.0367 | lr 9.94e-05 | 2.80 steps/s
step  76400 | loss 0.0386 | lr 9.92e-05 | 2.80 steps/s
step  76500 | loss 0.0374 | lr 9.89e-05 | 2.79 steps/s
step  76600 | loss 0.0382 | lr 9.87e-05 | 2.80 steps/s
step  76700 | loss 0.0374 | lr 9.85e-05 | 2.80 steps/s
step  76800 | loss 0.0389 | lr 9.83e-05 | 2.80 steps/s
step  76900 | loss 0.0380 | lr 9.81e-05 | 2.80 steps/s
step  77000 | loss 0.0371 | lr 9.79e-05 | 2.80 steps/s
step  77100 | loss 0.0382 | lr 9.77e-05 | 2.80 steps/s
step  77200 | loss 0.0374 | lr 9.75e-05 | 2.79 steps/s
step  77300 | loss 0.0373 | lr 9.72e-05 | 2.80 steps/s
step  77400 | loss 0.0381 | lr 9.70e-05 | 2.80 steps/s
step  77500 | loss 0.0388 | lr 9.68e-05 | 2.80 steps/s
step  77600 | loss 0.0369 | lr 9.66e-05 | 2.80 steps/s
step  77700 | loss 0.0385 | lr 9.64e-05 | 2.80 steps/s
step  77800 | loss 0.0390 | lr 9.62e-05 | 2.80 steps/s
step  77900 | loss 0.0400 | lr 9.60e-05 | 2.80 steps/s
step  78000 | loss 0.0374 | lr 9.58e-05 | 2.80 steps/s
step  78100 | loss 0.0383 | lr 9.55e-05 | 2.80 steps/s
step  78200 | loss 0.0384 | lr 9.53e-05 | 2.80 steps/s
step  78300 | loss 0.0379 | lr 9.51e-05 | 2.80 steps/s
step  78400 | loss 0.0369 | lr 9.49e-05 | 2.80 steps/s
step  78500 | loss 0.0371 | lr 9.47e-05 | 2.80 steps/s
step  78600 | loss 0.0384 | lr 9.45e-05 | 2.80 steps/s
step  78700 | loss 0.0375 | lr 9.43e-05 | 2.80 steps/s
step  78800 | loss 0.0377 | lr 9.41e-05 | 2.80 steps/s
step  78900 | loss 0.0386 | lr 9.39e-05 | 2.80 steps/s
step  79000 | loss 0.0372 | lr 9.36e-05 | 2.80 steps/s
step  79100 | loss 0.0377 | lr 9.34e-05 | 2.80 steps/s
step  79200 | loss 0.0383 | lr 9.32e-05 | 2.80 steps/s
step  79300 | loss 0.0373 | lr 9.30e-05 | 2.80 steps/s
step  79400 | loss 0.0366 | lr 9.28e-05 | 2.80 steps/s
step  79500 | loss 0.0369 | lr 9.26e-05 | 2.80 steps/s
step  79600 | loss 0.0390 | lr 9.24e-05 | 2.80 steps/s
step  79700 | loss 0.0379 | lr 9.22e-05 | 2.80 steps/s
step  79800 | loss 0.0380 | lr 9.19e-05 | 2.80 steps/s
step  79900 | loss 0.0376 | lr 9.17e-05 | 2.80 steps/s
step  80000 | loss 0.0381 | lr 9.15e-05 | 2.80 steps/s
  -> wrote samples step_080000.png
  -> wrote checkpoint step_080000.pt
step  80100 | loss 0.0384 | lr 9.13e-05 | 1.36 steps/s
step  80200 | loss 0.0377 | lr 9.11e-05 | 2.80 steps/s
step  80300 | loss 0.0376 | lr 9.09e-05 | 2.80 steps/s
step  80400 | loss 0.0387 | lr 9.07e-05 | 2.80 steps/s
step  80500 | loss 0.0371 | lr 9.05e-05 | 2.80 steps/s
step  80600 | loss 0.0388 | lr 9.03e-05 | 2.80 steps/s
step  80700 | loss 0.0374 | lr 9.00e-05 | 2.80 steps/s
step  80800 | loss 0.0388 | lr 8.98e-05 | 2.79 steps/s
step  80900 | loss 0.0374 | lr 8.96e-05 | 2.80 steps/s
step  81000 | loss 0.0385 | lr 8.94e-05 | 2.80 steps/s
step  81100 | loss 0.0380 | lr 8.92e-05 | 2.80 steps/s
step  81200 | loss 0.0372 | lr 8.90e-05 | 2.80 steps/s
step  81300 | loss 0.0382 | lr 8.88e-05 | 2.80 steps/s
step  81400 | loss 0.0385 | lr 8.86e-05 | 2.80 steps/s
step  81500 | loss 0.0375 | lr 8.84e-05 | 2.79 steps/s
step  81600 | loss 0.0381 | lr 8.81e-05 | 2.80 steps/s
step  81700 | loss 0.0387 | lr 8.79e-05 | 2.80 steps/s
step  81800 | loss 0.0380 | lr 8.77e-05 | 2.80 steps/s
step  81900 | loss 0.0371 | lr 8.75e-05 | 2.80 steps/s
step  82000 | loss 0.0385 | lr 8.73e-05 | 2.80 steps/s
step  82100 | loss 0.0371 | lr 8.71e-05 | 2.80 steps/s
step  82200 | loss 0.0377 | lr 8.69e-05 | 2.79 steps/s
step  82300 | loss 0.0389 | lr 8.67e-05 | 2.80 steps/s
step  82400 | loss 0.0371 | lr 8.65e-05 | 2.80 steps/s
step  82500 | loss 0.0389 | lr 8.62e-05 | 2.80 steps/s
step  82600 | loss 0.0386 | lr 8.60e-05 | 2.80 steps/s
step  82700 | loss 0.0387 | lr 8.58e-05 | 2.80 steps/s
step  82800 | loss 0.0372 | lr 8.56e-05 | 2.80 steps/s
step  82900 | loss 0.0367 | lr 8.54e-05 | 2.80 steps/s
step  83000 | loss 0.0383 | lr 8.52e-05 | 2.80 steps/s
step  83100 | loss 0.0376 | lr 8.50e-05 | 2.80 steps/s
step  83200 | loss 0.0386 | lr 8.48e-05 | 2.80 steps/s
step  83300 | loss 0.0381 | lr 8.46e-05 | 2.80 steps/s
step  83400 | loss 0.0377 | lr 8.44e-05 | 2.80 steps/s
step  83500 | loss 0.0383 | lr 8.41e-05 | 2.80 steps/s
step  83600 | loss 0.0385 | lr 8.39e-05 | 2.80 steps/s
step  83700 | loss 0.0397 | lr 8.37e-05 | 2.80 steps/s
step  83800 | loss 0.0382 | lr 8.35e-05 | 2.80 steps/s
step  83900 | loss 0.0381 | lr 8.33e-05 | 2.80 steps/s
step  84000 | loss 0.0374 | lr 8.31e-05 | 2.80 steps/s
step  84100 | loss 0.0387 | lr 8.29e-05 | 2.80 steps/s
step  84200 | loss 0.0381 | lr 8.27e-05 | 2.80 steps/s
step  84300 | loss 0.0378 | lr 8.25e-05 | 2.80 steps/s
step  84400 | loss 0.0370 | lr 8.23e-05 | 2.79 steps/s
step  84500 | loss 0.0372 | lr 8.21e-05 | 2.80 steps/s
step  84600 | loss 0.0378 | lr 8.18e-05 | 2.80 steps/s
step  84700 | loss 0.0376 | lr 8.16e-05 | 2.80 steps/s
step  84800 | loss 0.0372 | lr 8.14e-05 | 2.80 steps/s
step  84900 | loss 0.0367 | lr 8.12e-05 | 2.80 steps/s
step  85000 | loss 0.0379 | lr 8.10e-05 | 2.80 steps/s
  -> wrote samples step_085000.png
step  85100 | loss 0.0384 | lr 8.08e-05 | 1.37 steps/s
step  85200 | loss 0.0371 | lr 8.06e-05 | 2.80 steps/s
step  85300 | loss 0.0371 | lr 8.04e-05 | 2.80 steps/s
step  85400 | loss 0.0378 | lr 8.02e-05 | 2.80 steps/s
step  85500 | loss 0.0380 | lr 8.00e-05 | 2.80 steps/s
step  85600 | loss 0.0372 | lr 7.98e-05 | 2.80 steps/s
step  85700 | loss 0.0378 | lr 7.96e-05 | 2.80 steps/s
step  85800 | loss 0.0376 | lr 7.93e-05 | 2.79 steps/s
step  85900 | loss 0.0373 | lr 7.91e-05 | 2.80 steps/s
step  86000 | loss 0.0374 | lr 7.89e-05 | 2.80 steps/s
step  86100 | loss 0.0373 | lr 7.87e-05 | 2.80 steps/s
step  86200 | loss 0.0376 | lr 7.85e-05 | 2.80 steps/s
step  86300 | loss 0.0374 | lr 7.83e-05 | 2.80 steps/s
step  86400 | loss 0.0380 | lr 7.81e-05 | 2.80 steps/s
step  86500 | loss 0.0384 | lr 7.79e-05 | 2.80 steps/s
step  86600 | loss 0.0385 | lr 7.77e-05 | 2.79 steps/s
step  86700 | loss 0.0385 | lr 7.75e-05 | 2.80 steps/s
step  86800 | loss 0.0381 | lr 7.73e-05 | 2.80 steps/s
step  86900 | loss 0.0381 | lr 7.71e-05 | 2.80 steps/s
step  87000 | loss 0.0375 | lr 7.69e-05 | 2.80 steps/s
step  87100 | loss 0.0378 | lr 7.67e-05 | 2.80 steps/s
step  87200 | loss 0.0365 | lr 7.65e-05 | 2.80 steps/s
step  87300 | loss 0.0363 | lr 7.62e-05 | 2.80 steps/s
step  87400 | loss 0.0374 | lr 7.60e-05 | 2.80 steps/s
step  87500 | loss 0.0379 | lr 7.58e-05 | 2.80 steps/s
step  87600 | loss 0.0379 | lr 7.56e-05 | 2.80 steps/s
step  87700 | loss 0.0369 | lr 7.54e-05 | 2.80 steps/s
step  87800 | loss 0.0382 | lr 7.52e-05 | 2.80 steps/s
step  87900 | loss 0.0382 | lr 7.50e-05 | 2.80 steps/s
step  88000 | loss 0.0382 | lr 7.48e-05 | 2.80 steps/s
step  88100 | loss 0.0383 | lr 7.46e-05 | 2.80 steps/s
step  88200 | loss 0.0371 | lr 7.44e-05 | 2.80 steps/s
step  88300 | loss 0.0374 | lr 7.42e-05 | 2.80 steps/s
step  88400 | loss 0.0380 | lr 7.40e-05 | 2.80 steps/s
step  88500 | loss 0.0382 | lr 7.38e-05 | 2.80 steps/s
step  88600 | loss 0.0392 | lr 7.36e-05 | 2.80 steps/s
step  88700 | loss 0.0384 | lr 7.34e-05 | 2.79 steps/s
step  88800 | loss 0.0391 | lr 7.32e-05 | 2.80 steps/s
step  88900 | loss 0.0364 | lr 7.30e-05 | 2.80 steps/s
step  89000 | loss 0.0382 | lr 7.28e-05 | 2.80 steps/s
step  89100 | loss 0.0377 | lr 7.26e-05 | 2.80 steps/s
step  89200 | loss 0.0379 | lr 7.23e-05 | 2.80 steps/s
step  89300 | loss 0.0380 | lr 7.21e-05 | 2.80 steps/s
step  89400 | loss 0.0383 | lr 7.19e-05 | 2.80 steps/s
step  89500 | loss 0.0374 | lr 7.17e-05 | 2.80 steps/s
step  89600 | loss 0.0385 | lr 7.15e-05 | 2.80 steps/s
step  89700 | loss 0.0388 | lr 7.13e-05 | 2.80 steps/s
step  89800 | loss 0.0374 | lr 7.11e-05 | 2.80 steps/s
step  89900 | loss 0.0383 | lr 7.09e-05 | 2.80 steps/s
step  90000 | loss 0.0362 | lr 7.07e-05 | 2.80 steps/s
  -> wrote samples step_090000.png
  -> wrote checkpoint step_090000.pt
step  90100 | loss 0.0377 | lr 7.05e-05 | 1.36 steps/s
step  90200 | loss 0.0370 | lr 7.03e-05 | 2.80 steps/s
step  90300 | loss 0.0373 | lr 7.01e-05 | 2.80 steps/s
step  90400 | loss 0.0375 | lr 6.99e-05 | 2.80 steps/s
step  90500 | loss 0.0378 | lr 6.97e-05 | 2.80 steps/s
step  90600 | loss 0.0372 | lr 6.95e-05 | 2.80 steps/s
step  90700 | loss 0.0375 | lr 6.93e-05 | 2.80 steps/s
step  90800 | loss 0.0372 | lr 6.91e-05 | 2.80 steps/s
step  90900 | loss 0.0380 | lr 6.89e-05 | 2.79 steps/s
step  91000 | loss 0.0372 | lr 6.87e-05 | 2.80 steps/s
step  91100 | loss 0.0372 | lr 6.85e-05 | 2.80 steps/s
step  91200 | loss 0.0377 | lr 6.83e-05 | 2.80 steps/s
step  91300 | loss 0.0369 | lr 6.81e-05 | 2.80 steps/s
step  91400 | loss 0.0382 | lr 6.79e-05 | 2.80 steps/s
step  91500 | loss 0.0389 | lr 6.77e-05 | 2.80 steps/s
step  91600 | loss 0.0376 | lr 6.75e-05 | 2.79 steps/s
step  91700 | loss 0.0361 | lr 6.73e-05 | 2.80 steps/s
step  91800 | loss 0.0378 | lr 6.71e-05 | 2.80 steps/s
step  91900 | loss 0.0374 | lr 6.69e-05 | 2.80 steps/s
step  92000 | loss 0.0377 | lr 6.67e-05 | 2.80 steps/s
step  92100 | loss 0.0377 | lr 6.65e-05 | 2.80 steps/s
step  92200 | loss 0.0352 | lr 6.63e-05 | 2.80 steps/s
step  92300 | loss 0.0374 | lr 6.61e-05 | 2.79 steps/s
step  92400 | loss 0.0371 | lr 6.59e-05 | 2.80 steps/s
step  92500 | loss 0.0364 | lr 6.57e-05 | 2.80 steps/s
step  92600 | loss 0.0370 | lr 6.55e-05 | 2.80 steps/s
step  92700 | loss 0.0364 | lr 6.53e-05 | 2.80 steps/s
step  92800 | loss 0.0373 | lr 6.51e-05 | 2.80 steps/s
step  92900 | loss 0.0381 | lr 6.49e-05 | 2.80 steps/s
step  93000 | loss 0.0369 | lr 6.47e-05 | 2.80 steps/s
step  93100 | loss 0.0380 | lr 6.45e-05 | 2.79 steps/s
step  93200 | loss 0.0368 | lr 6.43e-05 | 2.80 steps/s
step  93300 | loss 0.0355 | lr 6.41e-05 | 2.80 steps/s
step  93400 | loss 0.0382 | lr 6.39e-05 | 2.80 steps/s
step  93500 | loss 0.0377 | lr 6.37e-05 | 2.80 steps/s
step  93600 | loss 0.0372 | lr 6.35e-05 | 2.80 steps/s
step  93700 | loss 0.0371 | lr 6.33e-05 | 2.80 steps/s
step  93800 | loss 0.0388 | lr 6.31e-05 | 2.80 steps/s
step  93900 | loss 0.0362 | lr 6.29e-05 | 2.80 steps/s
step  94000 | loss 0.0387 | lr 6.27e-05 | 2.80 steps/s
step  94100 | loss 0.0370 | lr 6.25e-05 | 2.80 steps/s
step  94200 | loss 0.0370 | lr 6.23e-05 | 2.80 steps/s
step  94300 | loss 0.0384 | lr 6.21e-05 | 2.80 steps/s
step  94400 | loss 0.0370 | lr 6.19e-05 | 2.80 steps/s
step  94500 | loss 0.0376 | lr 6.17e-05 | 2.80 steps/s
step  94600 | loss 0.0371 | lr 6.15e-05 | 2.80 steps/s
step  94700 | loss 0.0376 | lr 6.13e-05 | 2.80 steps/s
step  94800 | loss 0.0371 | lr 6.11e-05 | 2.80 steps/s
step  94900 | loss 0.0380 | lr 6.10e-05 | 2.80 steps/s
step  95000 | loss 0.0366 | lr 6.08e-05 | 2.80 steps/s
  -> wrote samples step_095000.png
step  95100 | loss 0.0374 | lr 6.06e-05 | 1.38 steps/s
step  95200 | loss 0.0368 | lr 6.04e-05 | 2.80 steps/s
step  95300 | loss 0.0374 | lr 6.02e-05 | 2.80 steps/s
step  95400 | loss 0.0368 | lr 6.00e-05 | 2.80 steps/s
step  95500 | loss 0.0376 | lr 5.98e-05 | 2.80 steps/s
step  95600 | loss 0.0373 | lr 5.96e-05 | 2.80 steps/s
step  95700 | loss 0.0378 | lr 5.94e-05 | 2.80 steps/s
step  95800 | loss 0.0366 | lr 5.92e-05 | 2.80 steps/s
step  95900 | loss 0.0363 | lr 5.90e-05 | 2.80 steps/s
step  96000 | loss 0.0380 | lr 5.88e-05 | 2.80 steps/s
step  96100 | loss 0.0383 | lr 5.86e-05 | 2.80 steps/s
step  96200 | loss 0.0375 | lr 5.84e-05 | 2.80 steps/s
step  96300 | loss 0.0373 | lr 5.82e-05 | 2.80 steps/s
step  96400 | loss 0.0369 | lr 5.80e-05 | 2.80 steps/s
step  96500 | loss 0.0368 | lr 5.78e-05 | 2.80 steps/s
step  96600 | loss 0.0375 | lr 5.77e-05 | 2.80 steps/s
step  96700 | loss 0.0376 | lr 5.75e-05 | 2.80 steps/s
step  96800 | loss 0.0382 | lr 5.73e-05 | 2.80 steps/s
step  96900 | loss 0.0367 | lr 5.71e-05 | 2.80 steps/s
step  97000 | loss 0.0382 | lr 5.69e-05 | 2.80 steps/s
step  97100 | loss 0.0374 | lr 5.67e-05 | 2.80 steps/s
step  97200 | loss 0.0389 | lr 5.65e-05 | 2.80 steps/s
step  97300 | loss 0.0361 | lr 5.63e-05 | 2.80 steps/s
step  97400 | loss 0.0374 | lr 5.61e-05 | 2.79 steps/s
step  97500 | loss 0.0373 | lr 5.59e-05 | 2.80 steps/s
step  97600 | loss 0.0369 | lr 5.57e-05 | 2.80 steps/s
step  97700 | loss 0.0368 | lr 5.56e-05 | 2.80 steps/s
step  97800 | loss 0.0368 | lr 5.54e-05 | 2.80 steps/s
step  97900 | loss 0.0381 | lr 5.52e-05 | 2.80 steps/s
step  98000 | loss 0.0373 | lr 5.50e-05 | 2.80 steps/s
step  98100 | loss 0.0374 | lr 5.48e-05 | 2.80 steps/s
step  98200 | loss 0.0371 | lr 5.46e-05 | 2.80 steps/s
step  98300 | loss 0.0372 | lr 5.44e-05 | 2.80 steps/s
step  98400 | loss 0.0369 | lr 5.42e-05 | 2.80 steps/s
step  98500 | loss 0.0388 | lr 5.40e-05 | 2.80 steps/s
step  98600 | loss 0.0380 | lr 5.38e-05 | 2.80 steps/s
step  98700 | loss 0.0368 | lr 5.37e-05 | 2.80 steps/s
step  98800 | loss 0.0381 | lr 5.35e-05 | 2.80 steps/s
step  98900 | loss 0.0374 | lr 5.33e-05 | 2.80 steps/s
step  99000 | loss 0.0382 | lr 5.31e-05 | 2.80 steps/s
step  99100 | loss 0.0367 | lr 5.29e-05 | 2.80 steps/s
step  99200 | loss 0.0368 | lr 5.27e-05 | 2.80 steps/s
step  99300 | loss 0.0370 | lr 5.25e-05 | 2.80 steps/s
step  99400 | loss 0.0372 | lr 5.23e-05 | 2.80 steps/s
step  99500 | loss 0.0376 | lr 5.22e-05 | 2.80 steps/s
step  99600 | loss 0.0375 | lr 5.20e-05 | 2.80 steps/s
step  99700 | loss 0.0382 | lr 5.18e-05 | 2.80 steps/s
step  99800 | loss 0.0379 | lr 5.16e-05 | 2.80 steps/s
step  99900 | loss 0.0366 | lr 5.14e-05 | 2.80 steps/s
step 100000 | loss 0.0364 | lr 5.12e-05 | 2.80 steps/s
  -> wrote samples step_100000.png
  -> wrote checkpoint step_100000.pt
step 100100 | loss 0.0374 | lr 5.10e-05 | 1.36 steps/s
step 100200 | loss 0.0366 | lr 5.09e-05 | 2.80 steps/s
step 100300 | loss 0.0390 | lr 5.07e-05 | 2.79 steps/s
step 100400 | loss 0.0367 | lr 5.05e-05 | 2.80 steps/s
step 100500 | loss 0.0370 | lr 5.03e-05 | 2.80 steps/s
step 100600 | loss 0.0371 | lr 5.01e-05 | 2.80 steps/s
step 100700 | loss 0.0378 | lr 4.99e-05 | 2.80 steps/s
step 100800 | loss 0.0375 | lr 4.98e-05 | 2.80 steps/s
step 100900 | loss 0.0376 | lr 4.96e-05 | 2.80 steps/s
step 101000 | loss 0.0370 | lr 4.94e-05 | 2.80 steps/s
step 101100 | loss 0.0385 | lr 4.92e-05 | 2.80 steps/s
step 101200 | loss 0.0374 | lr 4.90e-05 | 2.80 steps/s
step 101300 | loss 0.0365 | lr 4.88e-05 | 2.80 steps/s
step 101400 | loss 0.0375 | lr 4.87e-05 | 2.80 steps/s
step 101500 | loss 0.0369 | lr 4.85e-05 | 2.80 steps/s
step 101600 | loss 0.0370 | lr 4.83e-05 | 2.80 steps/s
step 101700 | loss 0.0378 | lr 4.81e-05 | 2.80 steps/s
step 101800 | loss 0.0375 | lr 4.79e-05 | 2.80 steps/s
step 101900 | loss 0.0374 | lr 4.78e-05 | 2.80 steps/s
step 102000 | loss 0.0376 | lr 4.76e-05 | 2.80 steps/s
step 102100 | loss 0.0369 | lr 4.74e-05 | 2.80 steps/s
step 102200 | loss 0.0376 | lr 4.72e-05 | 2.80 steps/s
step 102300 | loss 0.0371 | lr 4.70e-05 | 2.80 steps/s
step 102400 | loss 0.0370 | lr 4.68e-05 | 2.80 steps/s
step 102500 | loss 0.0370 | lr 4.67e-05 | 2.80 steps/s
step 102600 | loss 0.0370 | lr 4.65e-05 | 2.80 steps/s
step 102700 | loss 0.0379 | lr 4.63e-05 | 2.80 steps/s
step 102800 | loss 0.0371 | lr 4.61e-05 | 2.80 steps/s
step 102900 | loss 0.0380 | lr 4.60e-05 | 2.80 steps/s
step 103000 | loss 0.0366 | lr 4.58e-05 | 2.80 steps/s
step 103100 | loss 0.0376 | lr 4.56e-05 | 2.80 steps/s
step 103200 | loss 0.0387 | lr 4.54e-05 | 2.79 steps/s
step 103300 | loss 0.0370 | lr 4.52e-05 | 2.80 steps/s
step 103400 | loss 0.0381 | lr 4.51e-05 | 2.80 steps/s
step 103500 | loss 0.0378 | lr 4.49e-05 | 2.80 steps/s
step 103600 | loss 0.0371 | lr 4.47e-05 | 2.80 steps/s
step 103700 | loss 0.0369 | lr 4.45e-05 | 2.80 steps/s
step 103800 | loss 0.0384 | lr 4.44e-05 | 2.80 steps/s
step 103900 | loss 0.0370 | lr 4.42e-05 | 2.80 steps/s
step 104000 | loss 0.0363 | lr 4.40e-05 | 2.80 steps/s
step 104100 | loss 0.0377 | lr 4.38e-05 | 2.80 steps/s
step 104200 | loss 0.0375 | lr 4.37e-05 | 2.80 steps/s
step 104300 | loss 0.0364 | lr 4.35e-05 | 2.80 steps/s
step 104400 | loss 0.0363 | lr 4.33e-05 | 2.80 steps/s
step 104500 | loss 0.0372 | lr 4.31e-05 | 2.80 steps/s
step 104600 | loss 0.0371 | lr 4.30e-05 | 2.80 steps/s
step 104700 | loss 0.0371 | lr 4.28e-05 | 2.80 steps/s
step 104800 | loss 0.0383 | lr 4.26e-05 | 2.80 steps/s
step 104900 | loss 0.0374 | lr 4.24e-05 | 2.80 steps/s
step 105000 | loss 0.0377 | lr 4.23e-05 | 2.80 steps/s
  -> wrote samples step_105000.png
step 105100 | loss 0.0373 | lr 4.21e-05 | 1.38 steps/s
step 105200 | loss 0.0366 | lr 4.19e-05 | 2.80 steps/s
step 105300 | loss 0.0369 | lr 4.17e-05 | 2.80 steps/s
step 105400 | loss 0.0375 | lr 4.16e-05 | 2.80 steps/s
step 105500 | loss 0.0372 | lr 4.14e-05 | 2.80 steps/s
step 105600 | loss 0.0375 | lr 4.12e-05 | 2.80 steps/s
step 105700 | loss 0.0373 | lr 4.11e-05 | 2.80 steps/s
step 105800 | loss 0.0363 | lr 4.09e-05 | 2.80 steps/s
step 105900 | loss 0.0375 | lr 4.07e-05 | 2.80 steps/s
step 106000 | loss 0.0367 | lr 4.05e-05 | 2.80 steps/s
step 106100 | loss 0.0381 | lr 4.04e-05 | 2.80 steps/s
step 106200 | loss 0.0368 | lr 4.02e-05 | 2.80 steps/s
step 106300 | loss 0.0373 | lr 4.00e-05 | 2.80 steps/s
step 106400 | loss 0.0366 | lr 3.99e-05 | 2.80 steps/s
step 106500 | loss 0.0380 | lr 3.97e-05 | 2.80 steps/s
step 106600 | loss 0.0384 | lr 3.95e-05 | 2.80 steps/s
step 106700 | loss 0.0378 | lr 3.94e-05 | 2.80 steps/s
step 106800 | loss 0.0382 | lr 3.92e-05 | 2.80 steps/s
step 106900 | loss 0.0375 | lr 3.90e-05 | 2.80 steps/s
step 107000 | loss 0.0374 | lr 3.88e-05 | 2.80 steps/s
step 107100 | loss 0.0372 | lr 3.87e-05 | 2.80 steps/s
step 107200 | loss 0.0373 | lr 3.85e-05 | 2.80 steps/s
step 107300 | loss 0.0357 | lr 3.83e-05 | 2.80 steps/s
step 107400 | loss 0.0370 | lr 3.82e-05 | 2.80 steps/s
step 107500 | loss 0.0376 | lr 3.80e-05 | 2.78 steps/s
step 107600 | loss 0.0368 | lr 3.78e-05 | 2.80 steps/s
step 107700 | loss 0.0371 | lr 3.77e-05 | 2.80 steps/s
step 107800 | loss 0.0368 | lr 3.75e-05 | 2.80 steps/s
step 107900 | loss 0.0368 | lr 3.73e-05 | 2.80 steps/s
step 108000 | loss 0.0369 | lr 3.72e-05 | 2.80 steps/s
step 108100 | loss 0.0375 | lr 3.70e-05 | 2.80 steps/s
step 108200 | loss 0.0374 | lr 3.68e-05 | 2.80 steps/s
step 108300 | loss 0.0381 | lr 3.67e-05 | 2.80 steps/s
step 108400 | loss 0.0367 | lr 3.65e-05 | 2.80 steps/s
step 108500 | loss 0.0380 | lr 3.64e-05 | 2.80 steps/s
step 108600 | loss 0.0361 | lr 3.62e-05 | 2.80 steps/s
step 108700 | loss 0.0371 | lr 3.60e-05 | 2.80 steps/s
step 108800 | loss 0.0374 | lr 3.59e-05 | 2.80 steps/s
step 108900 | loss 0.0366 | lr 3.57e-05 | 2.80 steps/s
step 109000 | loss 0.0369 | lr 3.55e-05 | 2.80 steps/s
step 109100 | loss 0.0375 | lr 3.54e-05 | 2.80 steps/s
step 109200 | loss 0.0378 | lr 3.52e-05 | 2.80 steps/s
step 109300 | loss 0.0378 | lr 3.51e-05 | 2.80 steps/s
step 109400 | loss 0.0388 | lr 3.49e-05 | 2.80 steps/s
step 109500 | loss 0.0375 | lr 3.47e-05 | 2.80 steps/s
step 109600 | loss 0.0374 | lr 3.46e-05 | 2.80 steps/s
step 109700 | loss 0.0370 | lr 3.44e-05 | 2.80 steps/s
step 109800 | loss 0.0390 | lr 3.43e-05 | 2.80 steps/s
step 109900 | loss 0.0369 | lr 3.41e-05 | 2.80 steps/s
step 110000 | loss 0.0365 | lr 3.39e-05 | 2.80 steps/s
  -> wrote samples step_110000.png
  -> wrote checkpoint step_110000.pt
step 110100 | loss 0.0371 | lr 3.38e-05 | 1.36 steps/s
step 110200 | loss 0.0378 | lr 3.36e-05 | 2.79 steps/s
step 110300 | loss 0.0375 | lr 3.35e-05 | 2.79 steps/s
step 110400 | loss 0.0377 | lr 3.33e-05 | 2.79 steps/s
step 110500 | loss 0.0372 | lr 3.31e-05 | 2.79 steps/s
step 110600 | loss 0.0382 | lr 3.30e-05 | 2.79 steps/s
step 110700 | loss 0.0367 | lr 3.28e-05 | 2.79 steps/s
step 110800 | loss 0.0369 | lr 3.27e-05 | 2.79 steps/s
step 110900 | loss 0.0379 | lr 3.25e-05 | 2.79 steps/s
step 111000 | loss 0.0373 | lr 3.24e-05 | 2.79 steps/s
step 111100 | loss 0.0381 | lr 3.22e-05 | 2.79 steps/s
step 111200 | loss 0.0382 | lr 3.20e-05 | 2.79 steps/s
step 111300 | loss 0.0364 | lr 3.19e-05 | 2.79 steps/s
step 111400 | loss 0.0359 | lr 3.17e-05 | 2.79 steps/s
step 111500 | loss 0.0384 | lr 3.16e-05 | 2.79 steps/s
step 111600 | loss 0.0374 | lr 3.14e-05 | 2.79 steps/s
step 111700 | loss 0.0372 | lr 3.13e-05 | 2.79 steps/s
step 111800 | loss 0.0371 | lr 3.11e-05 | 2.79 steps/s
step 111900 | loss 0.0369 | lr 3.10e-05 | 2.79 steps/s
step 112000 | loss 0.0373 | lr 3.08e-05 | 2.79 steps/s
step 112100 | loss 0.0363 | lr 3.07e-05 | 2.80 steps/s
step 112200 | loss 0.0383 | lr 3.05e-05 | 2.79 steps/s
step 112300 | loss 0.0376 | lr 3.03e-05 | 2.79 steps/s
step 112400 | loss 0.0372 | lr 3.02e-05 | 2.79 steps/s
step 112500 | loss 0.0377 | lr 3.00e-05 | 2.79 steps/s
step 112600 | loss 0.0368 | lr 2.99e-05 | 2.79 steps/s
step 112700 | loss 0.0379 | lr 2.97e-05 | 2.79 steps/s
step 112800 | loss 0.0369 | lr 2.96e-05 | 2.79 steps/s
step 112900 | loss 0.0360 | lr 2.94e-05 | 2.79 steps/s
step 113000 | loss 0.0369 | lr 2.93e-05 | 2.79 steps/s
step 113100 | loss 0.0375 | lr 2.91e-05 | 2.80 steps/s
step 113200 | loss 0.0361 | lr 2.90e-05 | 2.79 steps/s
step 113300 | loss 0.0373 | lr 2.88e-05 | 2.79 steps/s
step 113400 | loss 0.0374 | lr 2.87e-05 | 2.79 steps/s
step 113500 | loss 0.0368 | lr 2.85e-05 | 2.80 steps/s
step 113600 | loss 0.0368 | lr 2.84e-05 | 2.79 steps/s
step 113700 | loss 0.0382 | lr 2.82e-05 | 2.79 steps/s
step 113800 | loss 0.0362 | lr 2.81e-05 | 2.79 steps/s
step 113900 | loss 0.0377 | lr 2.80e-05 | 2.79 steps/s
step 114000 | loss 0.0384 | lr 2.78e-05 | 2.79 steps/s
step 114100 | loss 0.0369 | lr 2.77e-05 | 2.79 steps/s
step 114200 | loss 0.0370 | lr 2.75e-05 | 2.79 steps/s
step 114300 | loss 0.0374 | lr 2.74e-05 | 2.79 steps/s
step 114400 | loss 0.0373 | lr 2.72e-05 | 2.79 steps/s
step 114500 | loss 0.0380 | lr 2.71e-05 | 2.79 steps/s
step 114600 | loss 0.0370 | lr 2.69e-05 | 2.79 steps/s
step 114700 | loss 0.0362 | lr 2.68e-05 | 2.79 steps/s
step 114800 | loss 0.0369 | lr 2.66e-05 | 2.79 steps/s
step 114900 | loss 0.0373 | lr 2.65e-05 | 2.79 steps/s
step 115000 | loss 0.0371 | lr 2.64e-05 | 2.79 steps/s
  -> wrote samples step_115000.png
step 115100 | loss 0.0374 | lr 2.62e-05 | 1.38 steps/s
step 115200 | loss 0.0378 | lr 2.61e-05 | 2.79 steps/s
step 115300 | loss 0.0374 | lr 2.59e-05 | 2.79 steps/s
step 115400 | loss 0.0367 | lr 2.58e-05 | 2.79 steps/s
step 115500 | loss 0.0380 | lr 2.56e-05 | 2.79 steps/s
step 115600 | loss 0.0369 | lr 2.55e-05 | 2.79 steps/s
step 115700 | loss 0.0374 | lr 2.54e-05 | 2.79 steps/s
step 115800 | loss 0.0373 | lr 2.52e-05 | 2.80 steps/s
step 115900 | loss 0.0364 | lr 2.51e-05 | 2.79 steps/s
step 116000 | loss 0.0387 | lr 2.49e-05 | 2.79 steps/s
step 116100 | loss 0.0389 | lr 2.48e-05 | 2.78 steps/s
step 116200 | loss 0.0384 | lr 2.47e-05 | 2.79 steps/s
step 116300 | loss 0.0358 | lr 2.45e-05 | 2.79 steps/s
step 116400 | loss 0.0378 | lr 2.44e-05 | 2.79 steps/s
step 116500 | loss 0.0386 | lr 2.42e-05 | 2.79 steps/s
step 116600 | loss 0.0373 | lr 2.41e-05 | 2.79 steps/s
step 116700 | loss 0.0362 | lr 2.40e-05 | 2.79 steps/s
step 116800 | loss 0.0378 | lr 2.38e-05 | 2.79 steps/s
step 116900 | loss 0.0362 | lr 2.37e-05 | 2.79 steps/s
step 117000 | loss 0.0372 | lr 2.35e-05 | 2.79 steps/s
step 117100 | loss 0.0382 | lr 2.34e-05 | 2.79 steps/s
step 117200 | loss 0.0370 | lr 2.33e-05 | 2.79 steps/s
step 117300 | loss 0.0377 | lr 2.31e-05 | 2.79 steps/s
step 117400 | loss 0.0362 | lr 2.30e-05 | 2.80 steps/s
step 117500 | loss 0.0391 | lr 2.29e-05 | 2.80 steps/s
step 117600 | loss 0.0366 | lr 2.27e-05 | 2.79 steps/s
step 117700 | loss 0.0379 | lr 2.26e-05 | 2.79 steps/s
step 117800 | loss 0.0379 | lr 2.25e-05 | 2.79 steps/s
step 117900 | loss 0.0364 | lr 2.23e-05 | 2.79 steps/s
step 118000 | loss 0.0379 | lr 2.22e-05 | 2.79 steps/s
step 118100 | loss 0.0364 | lr 2.21e-05 | 2.80 steps/s
step 118200 | loss 0.0374 | lr 2.19e-05 | 2.79 steps/s
step 118300 | loss 0.0372 | lr 2.18e-05 | 2.79 steps/s
step 118400 | loss 0.0371 | lr 2.17e-05 | 2.79 steps/s
step 118500 | loss 0.0375 | lr 2.15e-05 | 2.79 steps/s
step 118600 | loss 0.0385 | lr 2.14e-05 | 2.79 steps/s
step 118700 | loss 0.0378 | lr 2.13e-05 | 2.79 steps/s
step 118800 | loss 0.0375 | lr 2.11e-05 | 2.79 steps/s
step 118900 | loss 0.0376 | lr 2.10e-05 | 2.80 steps/s
step 119000 | loss 0.0377 | lr 2.09e-05 | 2.79 steps/s
step 119100 | loss 0.0377 | lr 2.08e-05 | 2.79 steps/s
step 119200 | loss 0.0360 | lr 2.06e-05 | 2.80 steps/s
step 119300 | loss 0.0378 | lr 2.05e-05 | 2.79 steps/s
step 119400 | loss 0.0361 | lr 2.04e-05 | 2.79 steps/s
step 119500 | loss 0.0363 | lr 2.02e-05 | 2.79 steps/s
step 119600 | loss 0.0371 | lr 2.01e-05 | 2.79 steps/s
step 119700 | loss 0.0366 | lr 2.00e-05 | 2.79 steps/s
step 119800 | loss 0.0378 | lr 1.99e-05 | 2.79 steps/s
step 119900 | loss 0.0375 | lr 1.97e-05 | 2.79 steps/s
step 120000 | loss 0.0360 | lr 1.96e-05 | 2.79 steps/s
  -> wrote samples step_120000.png
  -> wrote checkpoint step_120000.pt
step 120100 | loss 0.0376 | lr 1.95e-05 | 1.36 steps/s
step 120200 | loss 0.0370 | lr 1.93e-05 | 2.79 steps/s
step 120300 | loss 0.0374 | lr 1.92e-05 | 2.79 steps/s
step 120400 | loss 0.0372 | lr 1.91e-05 | 2.79 steps/s
step 120500 | loss 0.0377 | lr 1.90e-05 | 2.79 steps/s
step 120600 | loss 0.0358 | lr 1.89e-05 | 2.79 steps/s
step 120700 | loss 0.0368 | lr 1.87e-05 | 2.79 steps/s
step 120800 | loss 0.0368 | lr 1.86e-05 | 2.79 steps/s
step 120900 | loss 0.0385 | lr 1.85e-05 | 2.79 steps/s
step 121000 | loss 0.0363 | lr 1.84e-05 | 2.79 steps/s
step 121100 | loss 0.0356 | lr 1.82e-05 | 2.79 steps/s
step 121200 | loss 0.0376 | lr 1.81e-05 | 2.79 steps/s
step 121300 | loss 0.0370 | lr 1.80e-05 | 2.79 steps/s
step 121400 | loss 0.0363 | lr 1.79e-05 | 2.79 steps/s
step 121500 | loss 0.0381 | lr 1.77e-05 | 2.79 steps/s
step 121600 | loss 0.0379 | lr 1.76e-05 | 2.79 steps/s
step 121700 | loss 0.0364 | lr 1.75e-05 | 2.79 steps/s
step 121800 | loss 0.0365 | lr 1.74e-05 | 2.79 steps/s
step 121900 | loss 0.0370 | lr 1.73e-05 | 2.79 steps/s
step 122000 | loss 0.0374 | lr 1.72e-05 | 2.79 steps/s
step 122100 | loss 0.0380 | lr 1.70e-05 | 2.80 steps/s
step 122200 | loss 0.0379 | lr 1.69e-05 | 2.80 steps/s
step 122300 | loss 0.0372 | lr 1.68e-05 | 2.79 steps/s
step 122400 | loss 0.0364 | lr 1.67e-05 | 2.80 steps/s
step 122500 | loss 0.0378 | lr 1.66e-05 | 2.79 steps/s
step 122600 | loss 0.0369 | lr 1.64e-05 | 2.79 steps/s
step 122700 | loss 0.0367 | lr 1.63e-05 | 2.79 steps/s
step 122800 | loss 0.0364 | lr 1.62e-05 | 2.79 steps/s
step 122900 | loss 0.0358 | lr 1.61e-05 | 2.79 steps/s
step 123000 | loss 0.0360 | lr 1.60e-05 | 2.79 steps/s
step 123100 | loss 0.0379 | lr 1.59e-05 | 2.80 steps/s
step 123200 | loss 0.0377 | lr 1.58e-05 | 2.79 steps/s
step 123300 | loss 0.0362 | lr 1.56e-05 | 2.79 steps/s
step 123400 | loss 0.0373 | lr 1.55e-05 | 2.79 steps/s
step 123500 | loss 0.0376 | lr 1.54e-05 | 2.79 steps/s
step 123600 | loss 0.0373 | lr 1.53e-05 | 2.79 steps/s
step 123700 | loss 0.0378 | lr 1.52e-05 | 2.79 steps/s
step 123800 | loss 0.0373 | lr 1.51e-05 | 2.79 steps/s
step 123900 | loss 0.0379 | lr 1.50e-05 | 2.79 steps/s
step 124000 | loss 0.0366 | lr 1.48e-05 | 2.79 steps/s
step 124100 | loss 0.0359 | lr 1.47e-05 | 2.79 steps/s
step 124200 | loss 0.0359 | lr 1.46e-05 | 2.79 steps/s
step 124300 | loss 0.0384 | lr 1.45e-05 | 2.79 steps/s
step 124400 | loss 0.0372 | lr 1.44e-05 | 2.79 steps/s
step 124500 | loss 0.0378 | lr 1.43e-05 | 2.79 steps/s
step 124600 | loss 0.0364 | lr 1.42e-05 | 2.79 steps/s
step 124700 | loss 0.0371 | lr 1.41e-05 | 2.79 steps/s
step 124800 | loss 0.0362 | lr 1.40e-05 | 2.78 steps/s
step 124900 | loss 0.0360 | lr 1.39e-05 | 2.79 steps/s
step 125000 | loss 0.0362 | lr 1.38e-05 | 2.79 steps/s
  -> wrote samples step_125000.png
step 125100 | loss 0.0380 | lr 1.36e-05 | 1.37 steps/s
step 125200 | loss 0.0371 | lr 1.35e-05 | 2.79 steps/s
step 125300 | loss 0.0372 | lr 1.34e-05 | 2.79 steps/s
step 125400 | loss 0.0382 | lr 1.33e-05 | 2.79 steps/s
step 125500 | loss 0.0378 | lr 1.32e-05 | 2.79 steps/s
step 125600 | loss 0.0368 | lr 1.31e-05 | 2.79 steps/s
step 125700 | loss 0.0373 | lr 1.30e-05 | 2.79 steps/s
step 125800 | loss 0.0372 | lr 1.29e-05 | 2.79 steps/s
step 125900 | loss 0.0380 | lr 1.28e-05 | 2.79 steps/s
step 126000 | loss 0.0359 | lr 1.27e-05 | 2.79 steps/s
step 126100 | loss 0.0370 | lr 1.26e-05 | 2.79 steps/s
step 126200 | loss 0.0379 | lr 1.25e-05 | 2.79 steps/s
step 126300 | loss 0.0370 | lr 1.24e-05 | 2.79 steps/s
step 126400 | loss 0.0373 | lr 1.23e-05 | 2.79 steps/s
step 126500 | loss 0.0372 | lr 1.22e-05 | 2.79 steps/s
step 126600 | loss 0.0373 | lr 1.21e-05 | 2.79 steps/s
step 126700 | loss 0.0385 | lr 1.20e-05 | 2.79 steps/s
step 126800 | loss 0.0371 | lr 1.19e-05 | 2.79 steps/s
step 126900 | loss 0.0369 | lr 1.18e-05 | 2.79 steps/s
step 127000 | loss 0.0364 | lr 1.17e-05 | 2.79 steps/s
step 127100 | loss 0.0386 | lr 1.16e-05 | 2.79 steps/s
step 127200 | loss 0.0374 | lr 1.15e-05 | 2.79 steps/s
step 127300 | loss 0.0375 | lr 1.14e-05 | 2.79 steps/s
step 127400 | loss 0.0365 | lr 1.13e-05 | 2.79 steps/s
step 127500 | loss 0.0373 | lr 1.12e-05 | 2.79 steps/s
step 127600 | loss 0.0380 | lr 1.11e-05 | 2.79 steps/s
step 127700 | loss 0.0369 | lr 1.10e-05 | 2.79 steps/s
step 127800 | loss 0.0379 | lr 1.09e-05 | 2.79 steps/s
step 127900 | loss 0.0386 | lr 1.08e-05 | 2.79 steps/s
step 128000 | loss 0.0362 | lr 1.07e-05 | 2.79 steps/s
step 128100 | loss 0.0365 | lr 1.06e-05 | 2.79 steps/s
step 128200 | loss 0.0375 | lr 1.05e-05 | 2.79 steps/s
step 128300 | loss 0.0371 | lr 1.04e-05 | 2.80 steps/s
step 128400 | loss 0.0371 | lr 1.03e-05 | 2.79 steps/s
step 128500 | loss 0.0354 | lr 1.02e-05 | 2.79 steps/s
step 128600 | loss 0.0358 | lr 1.01e-05 | 2.79 steps/s
step 128700 | loss 0.0384 | lr 1.00e-05 | 2.79 steps/s
step 128800 | loss 0.0372 | lr 9.96e-06 | 2.79 steps/s
step 128900 | loss 0.0366 | lr 9.86e-06 | 2.79 steps/s
step 129000 | loss 0.0369 | lr 9.77e-06 | 2.79 steps/s
step 129100 | loss 0.0380 | lr 9.68e-06 | 2.79 steps/s
step 129200 | loss 0.0370 | lr 9.59e-06 | 2.79 steps/s
step 129300 | loss 0.0366 | lr 9.50e-06 | 2.79 steps/s
step 129400 | loss 0.0367 | lr 9.41e-06 | 2.79 steps/s
step 129500 | loss 0.0378 | lr 9.32e-06 | 2.79 steps/s
step 129600 | loss 0.0373 | lr 9.23e-06 | 2.79 steps/s
step 129700 | loss 0.0373 | lr 9.14e-06 | 2.79 steps/s
step 129800 | loss 0.0371 | lr 9.05e-06 | 2.79 steps/s
step 129900 | loss 0.0372 | lr 8.97e-06 | 2.79 steps/s
step 130000 | loss 0.0378 | lr 8.88e-06 | 2.79 steps/s
  -> wrote samples step_130000.png
  -> wrote checkpoint step_130000.pt
step 130100 | loss 0.0355 | lr 8.79e-06 | 1.36 steps/s
step 130200 | loss 0.0376 | lr 8.70e-06 | 2.79 steps/s
step 130300 | loss 0.0356 | lr 8.62e-06 | 2.79 steps/s
step 130400 | loss 0.0373 | lr 8.53e-06 | 2.79 steps/s
step 130500 | loss 0.0359 | lr 8.45e-06 | 2.79 steps/s
step 130600 | loss 0.0372 | lr 8.36e-06 | 2.79 steps/s
step 130700 | loss 0.0371 | lr 8.28e-06 | 2.79 steps/s
step 130800 | loss 0.0363 | lr 8.19e-06 | 2.79 steps/s
step 130900 | loss 0.0369 | lr 8.11e-06 | 2.79 steps/s
step 131000 | loss 0.0374 | lr 8.02e-06 | 2.79 steps/s
step 131100 | loss 0.0361 | lr 7.94e-06 | 2.79 steps/s
step 131200 | loss 0.0372 | lr 7.86e-06 | 2.79 steps/s
step 131300 | loss 0.0364 | lr 7.78e-06 | 2.79 steps/s
step 131400 | loss 0.0385 | lr 7.69e-06 | 2.80 steps/s
step 131500 | loss 0.0369 | lr 7.61e-06 | 2.79 steps/s
step 131600 | loss 0.0361 | lr 7.53e-06 | 2.79 steps/s
step 131700 | loss 0.0384 | lr 7.45e-06 | 2.79 steps/s
step 131800 | loss 0.0365 | lr 7.37e-06 | 2.79 steps/s
step 131900 | loss 0.0371 | lr 7.29e-06 | 2.79 steps/s
step 132000 | loss 0.0379 | lr 7.21e-06 | 2.79 steps/s
step 132100 | loss 0.0374 | lr 7.13e-06 | 2.79 steps/s
step 132200 | loss 0.0379 | lr 7.05e-06 | 2.79 steps/s
step 132300 | loss 0.0378 | lr 6.98e-06 | 2.79 steps/s
step 132400 | loss 0.0379 | lr 6.90e-06 | 2.79 steps/s
step 132500 | loss 0.0372 | lr 6.82e-06 | 2.79 steps/s
step 132600 | loss 0.0383 | lr 6.74e-06 | 2.79 steps/s
step 132700 | loss 0.0356 | lr 6.67e-06 | 2.79 steps/s
step 132800 | loss 0.0360 | lr 6.59e-06 | 2.80 steps/s
step 132900 | loss 0.0369 | lr 6.52e-06 | 2.79 steps/s
step 133000 | loss 0.0363 | lr 6.44e-06 | 2.79 steps/s
step 133100 | loss 0.0370 | lr 6.37e-06 | 2.79 steps/s
step 133200 | loss 0.0360 | lr 6.29e-06 | 2.79 steps/s
step 133300 | loss 0.0367 | lr 6.22e-06 | 2.79 steps/s
step 133400 | loss 0.0377 | lr 6.14e-06 | 2.79 steps/s
step 133500 | loss 0.0359 | lr 6.07e-06 | 2.79 steps/s
step 133600 | loss 0.0378 | lr 6.00e-06 | 2.79 steps/s
step 133700 | loss 0.0364 | lr 5.93e-06 | 2.79 steps/s
step 133800 | loss 0.0379 | lr 5.86e-06 | 2.79 steps/s
step 133900 | loss 0.0363 | lr 5.78e-06 | 2.79 steps/s
step 134000 | loss 0.0370 | lr 5.71e-06 | 2.79 steps/s
step 134100 | loss 0.0370 | lr 5.64e-06 | 2.79 steps/s
step 134200 | loss 0.0358 | lr 5.57e-06 | 2.79 steps/s
step 134300 | loss 0.0358 | lr 5.50e-06 | 2.79 steps/s
step 134400 | loss 0.0359 | lr 5.43e-06 | 2.79 steps/s
step 134500 | loss 0.0362 | lr 5.36e-06 | 2.79 steps/s
step 134600 | loss 0.0374 | lr 5.30e-06 | 2.80 steps/s
step 134700 | loss 0.0379 | lr 5.23e-06 | 2.79 steps/s
step 134800 | loss 0.0373 | lr 5.16e-06 | 2.79 steps/s
step 134900 | loss 0.0366 | lr 5.09e-06 | 2.79 steps/s
step 135000 | loss 0.0377 | lr 5.03e-06 | 2.79 steps/s
  -> wrote samples step_135000.png
step 135100 | loss 0.0374 | lr 4.96e-06 | 1.38 steps/s
step 135200 | loss 0.0381 | lr 4.90e-06 | 2.79 steps/s
step 135300 | loss 0.0365 | lr 4.83e-06 | 2.79 steps/s
step 135400 | loss 0.0368 | lr 4.76e-06 | 2.79 steps/s
step 135500 | loss 0.0376 | lr 4.70e-06 | 2.79 steps/s
step 135600 | loss 0.0371 | lr 4.64e-06 | 2.79 steps/s
step 135700 | loss 0.0373 | lr 4.57e-06 | 2.79 steps/s
step 135800 | loss 0.0371 | lr 4.51e-06 | 2.79 steps/s
step 135900 | loss 0.0367 | lr 4.45e-06 | 2.79 steps/s
step 136000 | loss 0.0369 | lr 4.38e-06 | 2.79 steps/s
step 136100 | loss 0.0374 | lr 4.32e-06 | 2.79 steps/s
step 136200 | loss 0.0372 | lr 4.26e-06 | 2.79 steps/s
step 136300 | loss 0.0370 | lr 4.20e-06 | 2.79 steps/s
step 136400 | loss 0.0369 | lr 4.14e-06 | 2.79 steps/s
step 136500 | loss 0.0362 | lr 4.08e-06 | 2.79 steps/s
step 136600 | loss 0.0378 | lr 4.02e-06 | 2.79 steps/s
step 136700 | loss 0.0369 | lr 3.96e-06 | 2.79 steps/s
step 136800 | loss 0.0363 | lr 3.90e-06 | 2.79 steps/s
step 136900 | loss 0.0361 | lr 3.84e-06 | 2.79 steps/s
step 137000 | loss 0.0366 | lr 3.78e-06 | 2.79 steps/s
step 137100 | loss 0.0366 | lr 3.73e-06 | 2.79 steps/s
step 137200 | loss 0.0363 | lr 3.67e-06 | 2.79 steps/s
step 137300 | loss 0.0363 | lr 3.61e-06 | 2.79 steps/s
step 137400 | loss 0.0385 | lr 3.56e-06 | 2.79 steps/s
step 137500 | loss 0.0381 | lr 3.50e-06 | 2.79 steps/s
step 137600 | loss 0.0367 | lr 3.44e-06 | 2.79 steps/s
step 137700 | loss 0.0368 | lr 3.39e-06 | 2.80 steps/s
step 137800 | loss 0.0362 | lr 3.34e-06 | 2.79 steps/s
step 137900 | loss 0.0368 | lr 3.28e-06 | 2.79 steps/s
step 138000 | loss 0.0362 | lr 3.23e-06 | 2.79 steps/s
step 138100 | loss 0.0385 | lr 3.17e-06 | 2.79 steps/s
step 138200 | loss 0.0371 | lr 3.12e-06 | 2.79 steps/s
step 138300 | loss 0.0370 | lr 3.07e-06 | 2.79 steps/s
step 138400 | loss 0.0381 | lr 3.02e-06 | 2.79 steps/s
step 138500 | loss 0.0374 | lr 2.97e-06 | 2.79 steps/s
step 138600 | loss 0.0387 | lr 2.91e-06 | 2.79 steps/s
step 138700 | loss 0.0374 | lr 2.86e-06 | 2.79 steps/s
step 138800 | loss 0.0373 | lr 2.81e-06 | 2.79 steps/s
step 138900 | loss 0.0363 | lr 2.76e-06 | 2.79 steps/s
step 139000 | loss 0.0370 | lr 2.71e-06 | 2.79 steps/s
step 139100 | loss 0.0370 | lr 2.67e-06 | 2.79 steps/s
step 139200 | loss 0.0373 | lr 2.62e-06 | 2.79 steps/s
step 139300 | loss 0.0381 | lr 2.57e-06 | 2.79 steps/s
step 139400 | loss 0.0359 | lr 2.52e-06 | 2.79 steps/s
step 139500 | loss 0.0364 | lr 2.47e-06 | 2.79 steps/s
step 139600 | loss 0.0367 | lr 2.43e-06 | 2.79 steps/s
step 139700 | loss 0.0373 | lr 2.38e-06 | 2.79 steps/s
step 139800 | loss 0.0365 | lr 2.34e-06 | 2.79 steps/s
step 139900 | loss 0.0384 | lr 2.29e-06 | 2.79 steps/s
step 140000 | loss 0.0374 | lr 2.24e-06 | 2.79 steps/s
  -> wrote samples step_140000.png
  -> wrote checkpoint step_140000.pt
step 140100 | loss 0.0370 | lr 2.20e-06 | 1.36 steps/s
step 140200 | loss 0.0376 | lr 2.16e-06 | 2.79 steps/s
step 140300 | loss 0.0376 | lr 2.11e-06 | 2.80 steps/s
step 140400 | loss 0.0370 | lr 2.07e-06 | 2.80 steps/s
step 140500 | loss 0.0372 | lr 2.03e-06 | 2.79 steps/s
step 140600 | loss 0.0371 | lr 1.98e-06 | 2.79 steps/s
step 140700 | loss 0.0354 | lr 1.94e-06 | 2.79 steps/s
step 140800 | loss 0.0377 | lr 1.90e-06 | 2.80 steps/s
step 140900 | loss 0.0377 | lr 1.86e-06 | 2.79 steps/s
step 141000 | loss 0.0383 | lr 1.82e-06 | 2.79 steps/s
step 141100 | loss 0.0365 | lr 1.78e-06 | 2.79 steps/s
step 141200 | loss 0.0378 | lr 1.74e-06 | 2.79 steps/s
step 141300 | loss 0.0368 | lr 1.70e-06 | 2.79 steps/s
step 141400 | loss 0.0373 | lr 1.66e-06 | 2.79 steps/s
step 141500 | loss 0.0370 | lr 1.62e-06 | 2.79 steps/s
step 141600 | loss 0.0364 | lr 1.59e-06 | 2.79 steps/s
step 141700 | loss 0.0373 | lr 1.55e-06 | 2.79 steps/s
step 141800 | loss 0.0381 | lr 1.51e-06 | 2.79 steps/s
step 141900 | loss 0.0392 | lr 1.47e-06 | 2.79 steps/s
step 142000 | loss 0.0367 | lr 1.44e-06 | 2.79 steps/s
step 142100 | loss 0.0360 | lr 1.40e-06 | 2.79 steps/s
step 142200 | loss 0.0364 | lr 1.37e-06 | 2.79 steps/s
step 142300 | loss 0.0376 | lr 1.33e-06 | 2.79 steps/s
step 142400 | loss 0.0375 | lr 1.30e-06 | 2.79 steps/s
step 142500 | loss 0.0362 | lr 1.26e-06 | 2.79 steps/s
step 142600 | loss 0.0368 | lr 1.23e-06 | 2.79 steps/s
step 142700 | loss 0.0368 | lr 1.20e-06 | 2.79 steps/s
step 142800 | loss 0.0376 | lr 1.17e-06 | 2.79 steps/s
step 142900 | loss 0.0368 | lr 1.13e-06 | 2.79 steps/s
step 143000 | loss 0.0362 | lr 1.10e-06 | 2.79 steps/s
step 143100 | loss 0.0369 | lr 1.07e-06 | 2.80 steps/s
step 143200 | loss 0.0376 | lr 1.04e-06 | 2.79 steps/s
step 143300 | loss 0.0369 | lr 1.01e-06 | 2.79 steps/s
step 143400 | loss 0.0378 | lr 9.80e-07 | 2.80 steps/s
step 143500 | loss 0.0375 | lr 9.51e-07 | 2.79 steps/s
step 143600 | loss 0.0365 | lr 9.22e-07 | 2.80 steps/s
step 143700 | loss 0.0370 | lr 8.93e-07 | 2.79 steps/s
step 143800 | loss 0.0375 | lr 8.65e-07 | 2.79 steps/s
step 143900 | loss 0.0380 | lr 8.37e-07 | 2.80 steps/s
step 144000 | loss 0.0375 | lr 8.10e-07 | 2.79 steps/s
step 144100 | loss 0.0365 | lr 7.83e-07 | 2.79 steps/s
step 144200 | loss 0.0372 | lr 7.57e-07 | 2.79 steps/s
step 144300 | loss 0.0360 | lr 7.31e-07 | 2.79 steps/s
step 144400 | loss 0.0374 | lr 7.06e-07 | 2.79 steps/s
step 144500 | loss 0.0374 | lr 6.81e-07 | 2.79 steps/s
step 144600 | loss 0.0378 | lr 6.56e-07 | 2.79 steps/s
step 144700 | loss 0.0376 | lr 6.32e-07 | 2.79 steps/s
step 144800 | loss 0.0383 | lr 6.09e-07 | 2.79 steps/s
step 144900 | loss 0.0368 | lr 5.86e-07 | 2.79 steps/s
step 145000 | loss 0.0370 | lr 5.63e-07 | 2.79 steps/s
  -> wrote samples step_145000.png
step 145100 | loss 0.0369 | lr 5.41e-07 | 1.37 steps/s
step 145200 | loss 0.0374 | lr 5.19e-07 | 2.79 steps/s
step 145300 | loss 0.0362 | lr 4.97e-07 | 2.79 steps/s
step 145400 | loss 0.0366 | lr 4.77e-07 | 2.79 steps/s
step 145500 | loss 0.0376 | lr 4.56e-07 | 2.79 steps/s
step 145600 | loss 0.0376 | lr 4.36e-07 | 2.79 steps/s
step 145700 | loss 0.0371 | lr 4.16e-07 | 2.79 steps/s
step 145800 | loss 0.0372 | lr 3.97e-07 | 2.79 steps/s
step 145900 | loss 0.0367 | lr 3.79e-07 | 2.79 steps/s
step 146000 | loss 0.0370 | lr 3.60e-07 | 2.79 steps/s
step 146100 | loss 0.0368 | lr 3.43e-07 | 2.79 steps/s
step 146200 | loss 0.0374 | lr 3.25e-07 | 2.79 steps/s
step 146300 | loss 0.0366 | lr 3.08e-07 | 2.79 steps/s
step 146400 | loss 0.0365 | lr 2.92e-07 | 2.79 steps/s
step 146500 | loss 0.0362 | lr 2.76e-07 | 2.79 steps/s
step 146600 | loss 0.0378 | lr 2.60e-07 | 2.79 steps/s
step 146700 | loss 0.0377 | lr 2.45e-07 | 2.79 steps/s
step 146800 | loss 0.0370 | lr 2.31e-07 | 2.79 steps/s
step 146900 | loss 0.0371 | lr 2.17e-07 | 2.80 steps/s
step 147000 | loss 0.0370 | lr 2.03e-07 | 2.80 steps/s
step 147100 | loss 0.0374 | lr 1.90e-07 | 2.79 steps/s
step 147200 | loss 0.0364 | lr 1.77e-07 | 2.79 steps/s
step 147300 | loss 0.0373 | lr 1.64e-07 | 2.79 steps/s
step 147400 | loss 0.0368 | lr 1.52e-07 | 2.79 steps/s
step 147500 | loss 0.0373 | lr 1.41e-07 | 2.79 steps/s
step 147600 | loss 0.0358 | lr 1.30e-07 | 2.79 steps/s
step 147700 | loss 0.0365 | lr 1.19e-07 | 2.79 steps/s
step 147800 | loss 0.0374 | lr 1.09e-07 | 2.79 steps/s
step 147900 | loss 0.0355 | lr 9.94e-08 | 2.79 steps/s
step 148000 | loss 0.0362 | lr 9.02e-08 | 2.79 steps/s
step 148100 | loss 0.0371 | lr 8.14e-08 | 2.79 steps/s
step 148200 | loss 0.0382 | lr 7.31e-08 | 2.79 steps/s
step 148300 | loss 0.0372 | lr 6.52e-08 | 2.79 steps/s
step 148400 | loss 0.0367 | lr 5.77e-08 | 2.79 steps/s
step 148500 | loss 0.0361 | lr 5.08e-08 | 2.79 steps/s
step 148600 | loss 0.0365 | lr 4.42e-08 | 2.79 steps/s
step 148700 | loss 0.0379 | lr 3.81e-08 | 2.79 steps/s
step 148800 | loss 0.0367 | lr 3.25e-08 | 2.79 steps/s
step 148900 | loss 0.0371 | lr 2.73e-08 | 2.79 steps/s
step 149000 | loss 0.0372 | lr 2.26e-08 | 2.79 steps/s
step 149100 | loss 0.0353 | lr 1.83e-08 | 2.79 steps/s
step 149200 | loss 0.0371 | lr 1.45e-08 | 2.79 steps/s
step 149300 | loss 0.0366 | lr 1.11e-08 | 2.79 steps/s
step 149400 | loss 0.0373 | lr 8.14e-09 | 2.79 steps/s
step 149500 | loss 0.0372 | lr 5.66e-09 | 2.79 steps/s
step 149600 | loss 0.0381 | lr 3.62e-09 | 2.79 steps/s
step 149700 | loss 0.0372 | lr 2.04e-09 | 2.79 steps/s
step 149800 | loss 0.0370 | lr 9.12e-10 | 2.79 steps/s
step 149900 | loss 0.0368 | lr 2.26e-10 | 2.79 steps/s
step 150000 | loss 0.0374 | lr 0.00e+00 | 2.79 steps/s
  -> wrote samples step_150000.png
  -> wrote checkpoint step_150000.pt
Training complete.
